Start testing: Sep 17 19:17 CEST
----------------------------------------------------------
1/1 Testing: RomParserUnitTests
1/1 Test: RomParserUnitTests
Command: "/Users/mrmidi/DEV/FirWireDriver/RomExplorer/build-ninja/RomParserUnitTests"
Directory: /Users/mrmidi/DEV/FirWireDriver/RomExplorer/build-ninja
"RomParserUnitTests" start time: Sep 17 19:17 CEST
Output:
----------------------------------------------------------
TEST FAIL: leaf payload matches
<end of output>
Test time =   0.01 sec
----------------------------------------------------------
Test Failed.
"RomParserUnitTests" end time: Sep 17 19:17 CEST
"RomParserUnitTests" time elapsed: 00:00:00
----------------------------------------------------------

End testing: Sep 17 19:17 CEST
