Command line invocation:
    /Applications/Xcode.app/Contents/Developer/usr/bin/xcodebuild -scheme ASFW -configuration Debug build

ComputePackagePrebuildTargetDependencyGraph

Prepare packages

CreateBuildRequest

SendProjectDescription

CreateBuildOperation

ComputeTargetDependencyGraph
note: Building targets in dependency order
note: Target dependency graph (2 targets)
    Target 'ASFW' in project 'ASFW'
        âžœ Explicit dependency on target 'ASFWDriver' in project 'ASFW'
    Target 'ASFWDriver' in project 'ASFW' (no dependencies)

GatherProvisioningInputs

CreateBuildDescription

ExecuteExternalTool /Applications/Xcode.app/Contents/Developer/Toolchains/XcodeDefault.xctoolchain/usr/bin/clang -v -E -dM -isysroot /Applications/Xcode.app/Contents/Developer/Platforms/DriverKit.platform/Developer/SDKs/DriverKit25.1.sdk -x c -c /dev/null

ExecuteExternalTool /Applications/Xcode.app/Contents/Developer/Toolchains/XcodeDefault.xctoolchain/usr/bin/clang -v -E -dM -isysroot /Applications/Xcode.app/Contents/Developer/Platforms/MacOSX.platform/Developer/SDKs/MacOSX26.1.sdk -x c -c /dev/null

ExecuteExternalTool /Applications/Xcode.app/Contents/Developer/usr/bin/actool --version --output-format xml1

ExecuteExternalTool /Applications/Xcode.app/Contents/Developer/Toolchains/XcodeDefault.xctoolchain/usr/bin/clang -v -E -dM -arch arm64 -isysroot /Applications/Xcode.app/Contents/Developer/Platforms/DriverKit.platform/Developer/SDKs/DriverKit25.1.sdk -x c++ -c /dev/null

ExecuteExternalTool /Applications/Xcode.app/Contents/Developer/Toolchains/XcodeDefault.xctoolchain/usr/bin/swiftc --version

ExecuteExternalTool /Applications/Xcode.app/Contents/Developer/Toolchains/XcodeDefault.xctoolchain/usr/bin/clang -v -E -dM -arch arm64 -isysroot /Applications/Xcode.app/Contents/Developer/Platforms/DriverKit.platform/Developer/SDKs/DriverKit25.1.sdk -x c -c /dev/null

ExecuteExternalTool /Applications/Xcode.app/Contents/Developer/Toolchains/XcodeDefault.xctoolchain/usr/bin/iig --version

ExecuteExternalTool /Applications/Xcode.app/Contents/Developer/Toolchains/XcodeDefault.xctoolchain/usr/bin/ld -version_details

ExecuteExternalTool /Applications/Xcode.app/Contents/Developer/Toolchains/XcodeDefault.xctoolchain/usr/bin/clang -v -E -dM -arch x86_64 -isysroot /Applications/Xcode.app/Contents/Developer/Platforms/DriverKit.platform/Developer/SDKs/DriverKit25.1.sdk -x c++ -c /dev/null

ExecuteExternalTool /Applications/Xcode.app/Contents/Developer/Toolchains/XcodeDefault.xctoolchain/usr/bin/clang -v -E -dM -arch x86_64 -isysroot /Applications/Xcode.app/Contents/Developer/Platforms/DriverKit.platform/Developer/SDKs/DriverKit25.1.sdk -x c -c /dev/null

Build description signature: f382399fe3deee20374a1f6d6fc5e920
Build description path: /Users/mrmidi/Library/Developer/Xcode/DerivedData/ASFW-booajhrsdnjwahepzavjselwomuh/Build/Intermediates.noindex/XCBuildData/f382399fe3deee20374a1f6d6fc5e920.xcbuilddata
ClangStatCache /Applications/Xcode.app/Contents/Developer/Toolchains/XcodeDefault.xctoolchain/usr/bin/clang-stat-cache /Applications/Xcode.app/Contents/Developer/Platforms/MacOSX.platform/Developer/SDKs/MacOSX26.1.sdk /Users/mrmidi/Library/Developer/Xcode/DerivedData/SDKStatCaches.noindex/macosx26.1-25B74-3ae1261907bdadc328169391a47051a6.sdkstatcache
    cd /Users/mrmidi/DEV/FirWireDriver/ASFW/ASFW.xcodeproj
    /Applications/Xcode.app/Contents/Developer/Toolchains/XcodeDefault.xctoolchain/usr/bin/clang-stat-cache /Applications/Xcode.app/Contents/Developer/Platforms/MacOSX.platform/Developer/SDKs/MacOSX26.1.sdk -o /Users/mrmidi/Library/Developer/Xcode/DerivedData/SDKStatCaches.noindex/macosx26.1-25B74-3ae1261907bdadc328169391a47051a6.sdkstatcache

ProcessProductPackaging /Users/mrmidi/DEV/FirWireDriver/ASFW/ASFWDriver/ASFWDriver.entitlements /Users/mrmidi/Library/Developer/Xcode/DerivedData/ASFW-booajhrsdnjwahepzavjselwomuh/Build/Intermediates.noindex/ASFW.build/Debug-driverkit/ASFWDriver.build/net.mrmidi.ASFW.ASFWDriver.dext.xcent (in target 'ASFWDriver' from project 'ASFW')
    cd /Users/mrmidi/DEV/FirWireDriver/ASFW
    
    Entitlements:
    
    {
    "com.apple.developer.driverkit" = 1;
    "com.apple.developer.driverkit.transport.pci" = 1;
    "com.apple.developer.driverkit.transport.pci.bridge" = 1;
}
    
    builtin-productPackagingUtility /Users/mrmidi/DEV/FirWireDriver/ASFW/ASFWDriver/ASFWDriver.entitlements -entitlements -format xml -o /Users/mrmidi/Library/Developer/Xcode/DerivedData/ASFW-booajhrsdnjwahepzavjselwomuh/Build/Intermediates.noindex/ASFW.build/Debug-driverkit/ASFWDriver.build/net.mrmidi.ASFW.ASFWDriver.dext.xcent

ClangStatCache /Applications/Xcode.app/Contents/Developer/Toolchains/XcodeDefault.xctoolchain/usr/bin/clang-stat-cache /Applications/Xcode.app/Contents/Developer/Platforms/DriverKit.platform/Developer/SDKs/DriverKit25.1.sdk /Users/mrmidi/Library/Developer/Xcode/DerivedData/SDKStatCaches.noindex/driverkit25.1-none-32725615b93b99fc7e97bd15ca8f07b5.sdkstatcache
    cd /Users/mrmidi/DEV/FirWireDriver/ASFW/ASFW.xcodeproj
    /Applications/Xcode.app/Contents/Developer/Toolchains/XcodeDefault.xctoolchain/usr/bin/clang-stat-cache /Applications/Xcode.app/Contents/Developer/Platforms/DriverKit.platform/Developer/SDKs/DriverKit25.1.sdk -o /Users/mrmidi/Library/Developer/Xcode/DerivedData/SDKStatCaches.noindex/driverkit25.1-none-32725615b93b99fc7e97bd15ca8f07b5.sdkstatcache

ProcessProductPackagingDER /Users/mrmidi/Library/Developer/Xcode/DerivedData/ASFW-booajhrsdnjwahepzavjselwomuh/Build/Intermediates.noindex/ASFW.build/Debug-driverkit/ASFWDriver.build/net.mrmidi.ASFW.ASFWDriver.dext.xcent /Users/mrmidi/Library/Developer/Xcode/DerivedData/ASFW-booajhrsdnjwahepzavjselwomuh/Build/Intermediates.noindex/ASFW.build/Debug-driverkit/ASFWDriver.build/net.mrmidi.ASFW.ASFWDriver.dext.xcent.der (in target 'ASFWDriver' from project 'ASFW')
    cd /Users/mrmidi/DEV/FirWireDriver/ASFW
    /usr/bin/derq query -f xml -i /Users/mrmidi/Library/Developer/Xcode/DerivedData/ASFW-booajhrsdnjwahepzavjselwomuh/Build/Intermediates.noindex/ASFW.build/Debug-driverkit/ASFWDriver.build/net.mrmidi.ASFW.ASFWDriver.dext.xcent -o /Users/mrmidi/Library/Developer/Xcode/DerivedData/ASFW-booajhrsdnjwahepzavjselwomuh/Build/Intermediates.noindex/ASFW.build/Debug-driverkit/ASFWDriver.build/net.mrmidi.ASFW.ASFWDriver.dext.xcent.der --raw

PhaseScriptExecution Run\ Script /Users/mrmidi/Library/Developer/Xcode/DerivedData/ASFW-booajhrsdnjwahepzavjselwomuh/Build/Intermediates.noindex/ASFW.build/Debug-driverkit/ASFWDriver.build/Script-3A27C5392ECDED18009CA664.sh (in target 'ASFWDriver' from project 'ASFW')
    cd /Users/mrmidi/DEV/FirWireDriver/ASFW
    export ACTION\=build
    export AD_HOC_CODE_SIGNING_ALLOWED\=YES
    export ALLOW_BUILD_REQUEST_OVERRIDES\=NO
    export ALLOW_TARGET_PLATFORM_SPECIALIZATION\=NO
    export ALTERNATE_GROUP\=staff
    export ALTERNATE_MODE\=u+w,go-w,a+rX
    export ALTERNATE_OWNER\=mrmidi
    export ALTERNATIVE_DISTRIBUTION_WEB\=NO
    export ALWAYS_EMBED_SWIFT_STANDARD_LIBRARIES\=NO
    export ALWAYS_SEARCH_USER_PATHS\=NO
    export ALWAYS_USE_SEPARATE_HEADERMAPS\=NO
    export APPLICATION_EXTENSION_API_ONLY\=NO
    export APPLY_RULES_IN_COPY_FILES\=NO
    export APPLY_RULES_IN_COPY_HEADERS\=NO
    export APP_SHORTCUTS_ENABLE_FLEXIBLE_MATCHING\=YES
    export ARCHS\=arm64\ x86_64
    export ARCHS_STANDARD\=arm64\ x86_64
    export ARCHS_STANDARD_32_64_BIT\=arm64\ x86_64
    export ARCHS_STANDARD_64_BIT\=arm64\ x86_64
    export ARCHS_STANDARD_INCLUDING_64_BIT\=arm64\ x86_64
    export ASSETCATALOG_COMPILER_GENERATE_SWIFT_ASSET_SYMBOL_EXTENSIONS\=YES
    export AUTOMATICALLY_MERGE_DEPENDENCIES\=NO
    export AUTOMATION_APPLE_EVENTS\=NO
    export AVAILABLE_PLATFORMS\=android\ appletvos\ appletvsimulator\ driverkit\ iphoneos\ iphonesimulator\ macosx\ qnx\ watchos\ watchsimulator\ webassembly\ xros\ xrsimulator
    export AppIdentifierPrefix\=F6YA6B56LR.
    export BUILD_ACTIVE_RESOURCES_ONLY\=NO
    export BUILD_COMPONENTS\=headers\ build
    export BUILD_DIR\=/Users/mrmidi/Library/Developer/Xcode/DerivedData/ASFW-booajhrsdnjwahepzavjselwomuh/Build/Products
    export BUILD_LIBRARY_FOR_DISTRIBUTION\=NO
    export BUILD_ROOT\=/Users/mrmidi/Library/Developer/Xcode/DerivedData/ASFW-booajhrsdnjwahepzavjselwomuh/Build/Products
    export BUILD_STYLE\=
    export BUILD_VARIANTS\=normal
    export BUILT_PRODUCTS_DIR\=/Users/mrmidi/Library/Developer/Xcode/DerivedData/ASFW-booajhrsdnjwahepzavjselwomuh/Build/Products/Debug-driverkit
    export BUNDLE_CONTENTS_FOLDER_PATH_deep\=Contents/
    export BUNDLE_EXECUTABLE_FOLDER_NAME_deep\=MacOS
    export BUNDLE_EXTENSIONS_FOLDER_PATH\=Extensions
    export BUNDLE_FORMAT\=shallow
    export BUNDLE_FRAMEWORKS_FOLDER_PATH\=Frameworks
    export BUNDLE_PLUGINS_FOLDER_PATH\=PlugIns
    export BUNDLE_PRIVATE_HEADERS_FOLDER_PATH\=PrivateHeaders
    export BUNDLE_PUBLIC_HEADERS_FOLDER_PATH\=Headers
    export CACHE_ROOT\=/var/folders/7r/4ql6sfpj1_scvj8dzry33k8h0000gn/C/com.apple.DeveloperTools/26.1.1-17B100/Xcode
    export CCHROOT\=/var/folders/7r/4ql6sfpj1_scvj8dzry33k8h0000gn/C/com.apple.DeveloperTools/26.1.1-17B100/Xcode
    export CHMOD\=/bin/chmod
    export CHOWN\=/usr/sbin/chown
    export CLANG_ANALYZER_NONNULL\=YES
    export CLANG_ANALYZER_NUMBER_OBJECT_CONVERSION\=YES_AGGRESSIVE
    export CLANG_CACHE_FINE_GRAINED_OUTPUTS\=YES
    export CLANG_CXX_LANGUAGE_STANDARD\=gnu++23
    export CLANG_ENABLE_EXPLICIT_MODULES\=YES
    export CLANG_ENABLE_MODULES\=YES
    export CLANG_ENABLE_OBJC_ARC\=YES
    export CLANG_ENABLE_OBJC_WEAK\=YES
    export CLANG_MODULES_BUILD_SESSION_FILE\=/Users/mrmidi/Library/Developer/Xcode/DerivedData/ModuleCache.noindex/Session.modulevalidation
    export CLANG_WARN_BLOCK_CAPTURE_AUTORELEASING\=YES
    export CLANG_WARN_BOOL_CONVERSION\=YES
    export CLANG_WARN_COMMA\=YES
    export CLANG_WARN_CONSTANT_CONVERSION\=YES
    export CLANG_WARN_DEPRECATED_OBJC_IMPLEMENTATIONS\=YES
    export CLANG_WARN_DIRECT_OBJC_ISA_USAGE\=YES_ERROR
    export CLANG_WARN_DOCUMENTATION_COMMENTS\=YES
    export CLANG_WARN_EMPTY_BODY\=YES
    export CLANG_WARN_ENUM_CONVERSION\=YES
    export CLANG_WARN_INFINITE_RECURSION\=YES
    export CLANG_WARN_INT_CONVERSION\=YES
    export CLANG_WARN_NON_LITERAL_NULL_CONVERSION\=YES
    export CLANG_WARN_OBJC_IMPLICIT_RETAIN_SELF\=YES
    export CLANG_WARN_OBJC_LITERAL_CONVERSION\=YES
    export CLANG_WARN_OBJC_ROOT_CLASS\=YES_ERROR
    export CLANG_WARN_QUOTED_INCLUDE_IN_FRAMEWORK_HEADER\=YES
    export CLANG_WARN_RANGE_LOOP_ANALYSIS\=YES
    export CLANG_WARN_STRICT_PROTOTYPES\=YES
    export CLANG_WARN_SUSPICIOUS_MOVE\=YES
    export CLANG_WARN_UNGUARDED_AVAILABILITY\=YES_AGGRESSIVE
    export CLANG_WARN_UNREACHABLE_CODE\=YES
    export CLANG_WARN__DUPLICATE_METHOD_MATCH\=YES
    export CLASS_FILE_DIR\=/Users/mrmidi/Library/Developer/Xcode/DerivedData/ASFW-booajhrsdnjwahepzavjselwomuh/Build/Intermediates.noindex/ASFW.build/Debug-driverkit/ASFWDriver.build/JavaClasses
    export CLEAN_PRECOMPS\=YES
    export CLONE_HEADERS\=NO
    export CODESIGNING_FOLDER_PATH\=/Users/mrmidi/Library/Developer/Xcode/DerivedData/ASFW-booajhrsdnjwahepzavjselwomuh/Build/Products/Debug-driverkit/net.mrmidi.ASFW.ASFWDriver.dext
    export CODE_SIGNING_ALLOWED\=YES
    export CODE_SIGNING_REQUIRED\=YES
    export CODE_SIGN_CONTEXT_CLASS\=XCiPhoneOSCodeSignContext
    export CODE_SIGN_ENTITLEMENTS\=ASFWDriver/ASFWDriver.entitlements
    export CODE_SIGN_IDENTITY\=-
    export CODE_SIGN_INJECT_BASE_ENTITLEMENTS\=YES
    export CODE_SIGN_STYLE\=Automatic
    export COLOR_DIAGNOSTICS\=NO
    export COMBINE_HIDPI_IMAGES\=NO
    export COMPILATION_CACHE_CAS_PATH\=/Users/mrmidi/Library/Developer/Xcode/DerivedData/CompilationCache.noindex
    export COMPILATION_CACHE_KEEP_CAS_DIRECTORY\=YES
    export COMPILER_INDEX_STORE_ENABLE\=Default
    export COMPOSITE_SDK_DIRS\=/Users/mrmidi/Library/Developer/Xcode/DerivedData/ASFW-booajhrsdnjwahepzavjselwomuh/Build/Intermediates.noindex/CompositeSDKs
    export COMPRESS_PNG_FILES\=YES
    export CONFIGURATION\=Debug
    export CONFIGURATION_BUILD_DIR\=/Users/mrmidi/Library/Developer/Xcode/DerivedData/ASFW-booajhrsdnjwahepzavjselwomuh/Build/Products/Debug-driverkit
    export CONFIGURATION_TEMP_DIR\=/Users/mrmidi/Library/Developer/Xcode/DerivedData/ASFW-booajhrsdnjwahepzavjselwomuh/Build/Intermediates.noindex/ASFW.build/Debug-driverkit
    export CONTENTS_FOLDER_PATH\=net.mrmidi.ASFW.ASFWDriver.dext
    export CONTENTS_FOLDER_PATH_SHALLOW_BUNDLE_NO\=net.mrmidi.ASFW.ASFWDriver.dext/Contents
    export CONTENTS_FOLDER_PATH_SHALLOW_BUNDLE_YES\=net.mrmidi.ASFW.ASFWDriver.dext
    export COPYING_PRESERVES_HFS_DATA\=NO
    export COPY_HEADERS_RUN_UNIFDEF\=NO
    export COPY_PHASE_STRIP\=NO
    export CP\=/bin/cp
    export CREATE_INFOPLIST_SECTION_IN_BINARY\=NO
    export CURRENT_ARCH\=undefined_arch
    export CURRENT_PROJECT_VERSION\=1
    export CURRENT_VARIANT\=normal
    export DEAD_CODE_STRIPPING\=YES
    export DEBUGGING_SYMBOLS\=YES
    export DEBUG_INFORMATION_FORMAT\=dwarf
    export DEBUG_INFORMATION_VERSION\=compiler-default
    export DEFAULT_COMPILER\=com.apple.compilers.llvm.clang.1_0
    export DEFAULT_DEXT_INSTALL_PATH\=/System/Library/DriverExtensions
    export DEFAULT_KEXT_INSTALL_PATH\=/System/Library/Extensions
    export DEFINES_MODULE\=NO
    export DEPLOYMENT_LOCATION\=NO
    export DEPLOYMENT_POSTPROCESSING\=NO
    export DEPLOYMENT_TARGET_SETTING_NAME\=DRIVERKIT_DEPLOYMENT_TARGET
    export DEPLOYMENT_TARGET_SUGGESTED_VALUES\=19.0\ 20.0\ 20.1\ 20.2\ 20.3\ 20.4\ 21.0\ 21.4\ 21.6\ 22.0\ 22.1\ 22.2\ 22.3\ 22.4\ 22.5\ 23.0\ 23.1\ 23.2\ 23.3\ 23.4\ 23.5\ 23.6\ 24.0\ 24.1\ 24.2\ 24.3\ 24.4\ 24.5\ 24.6\ 25.0\ 25.1
    export DERIVED_FILES_DIR\=/Users/mrmidi/Library/Developer/Xcode/DerivedData/ASFW-booajhrsdnjwahepzavjselwomuh/Build/Intermediates.noindex/ASFW.build/Debug-driverkit/ASFWDriver.build/DerivedSources
    export DERIVED_FILE_DIR\=/Users/mrmidi/Library/Developer/Xcode/DerivedData/ASFW-booajhrsdnjwahepzavjselwomuh/Build/Intermediates.noindex/ASFW.build/Debug-driverkit/ASFWDriver.build/DerivedSources
    export DERIVED_SOURCES_DIR\=/Users/mrmidi/Library/Developer/Xcode/DerivedData/ASFW-booajhrsdnjwahepzavjselwomuh/Build/Intermediates.noindex/ASFW.build/Debug-driverkit/ASFWDriver.build/DerivedSources
    export DEVELOPER_APPLICATIONS_DIR\=/Applications/Xcode.app/Contents/Developer/Applications
    export DEVELOPER_BIN_DIR\=/Applications/Xcode.app/Contents/Developer/usr/bin
    export DEVELOPER_DIR\=/Applications/Xcode.app/Contents/Developer
    export DEVELOPER_FRAMEWORKS_DIR\=/Applications/Xcode.app/Contents/Developer/Library/Frameworks
    export DEVELOPER_FRAMEWORKS_DIR_QUOTED\=/Applications/Xcode.app/Contents/Developer/Library/Frameworks
    export DEVELOPER_LIBRARY_DIR\=/Applications/Xcode.app/Contents/Developer/Library
    export DEVELOPER_SDK_DIR\=/Applications/Xcode.app/Contents/Developer/Platforms/MacOSX.platform/Developer/SDKs
    export DEVELOPER_TOOLS_DIR\=/Applications/Xcode.app/Contents/Developer/Tools
    export DEVELOPER_USR_DIR\=/Applications/Xcode.app/Contents/Developer/usr
    export DEVELOPMENT_LANGUAGE\=en
    export DEVELOPMENT_TEAM\=F6YA6B56LR
    export DEXT_FRAMEWORK\=/System/Library/Frameworks/DriverKit.framework
    export DEXT_FRAMEWORK_NAME\=DriverKit
    export DIAGNOSE_MISSING_TARGET_DEPENDENCIES\=YES
    export DIFF\=/usr/bin/diff
    export DOCUMENTATION_FOLDER_PATH\=net.mrmidi.ASFW.ASFWDriver.dext/en.lproj/Documentation
    export DONT_GENERATE_INFOPLIST_FILE\=NO
    export DRIVERKIT\=1
    export DRIVERKITROOT\=/System/DriverKit
    export DRIVERKIT_DEPLOYMENT_TARGET\=25.0
    export DSTROOT\=/tmp/ASFW.dst
    export DT_TOOLCHAIN_DIR\=/Applications/Xcode.app/Contents/Developer/Toolchains/XcodeDefault.xctoolchain
    export DWARF_DSYM_FILE_NAME\=net.mrmidi.ASFW.ASFWDriver.dext.dSYM
    export DWARF_DSYM_FILE_SHOULD_ACCOMPANY_PRODUCT\=NO
    export DWARF_DSYM_FOLDER_PATH\=/Users/mrmidi/Library/Developer/Xcode/DerivedData/ASFW-booajhrsdnjwahepzavjselwomuh/Build/Products/Debug-driverkit
    export DYNAMIC_LIBRARY_EXTENSION\=dylib
    export EAGER_COMPILATION_ALLOW_SCRIPTS\=NO
    export EAGER_LINKING\=NO
    export EFFECTIVE_PLATFORM_NAME\=-driverkit
    export EMBEDDED_CONTENT_CONTAINS_SWIFT\=NO
    export EMBEDDED_PROFILE_NAME\=embedded.provisionprofile
    export EMBED_ASSET_PACKS_IN_PRODUCT_BUNDLE\=NO
    export ENABLE_APP_SANDBOX\=NO
    export ENABLE_CODE_COVERAGE\=YES
    export ENABLE_CPLUSPLUS_BOUNDS_SAFE_BUFFERS\=NO
    export ENABLE_C_BOUNDS_SAFETY\=NO
    export ENABLE_DEFAULT_HEADER_SEARCH_PATHS\=YES
    export ENABLE_DEFAULT_SEARCH_PATHS\=YES
    export ENABLE_ENHANCED_SECURITY\=NO
    export ENABLE_HARDENED_RUNTIME\=NO
    export ENABLE_HEADER_DEPENDENCIES\=YES
    export ENABLE_INCOMING_NETWORK_CONNECTIONS\=NO
    export ENABLE_ON_DEMAND_RESOURCES\=NO
    export ENABLE_OUTGOING_NETWORK_CONNECTIONS\=NO
    export ENABLE_POINTER_AUTHENTICATION\=NO
    export ENABLE_PREVIEWS\=NO
    export ENABLE_RESOURCE_ACCESS_AUDIO_INPUT\=NO
    export ENABLE_RESOURCE_ACCESS_BLUETOOTH\=NO
    export ENABLE_RESOURCE_ACCESS_CALENDARS\=NO
    export ENABLE_RESOURCE_ACCESS_CAMERA\=NO
    export ENABLE_RESOURCE_ACCESS_CONTACTS\=NO
    export ENABLE_RESOURCE_ACCESS_LOCATION\=NO
    export ENABLE_RESOURCE_ACCESS_PHOTO_LIBRARY\=NO
    export ENABLE_RESOURCE_ACCESS_PRINTING\=NO
    export ENABLE_RESOURCE_ACCESS_USB\=NO
    export ENABLE_SDK_IMPORTS\=NO
    export ENABLE_SECURITY_COMPILER_WARNINGS\=NO
    export ENABLE_STRICT_OBJC_MSGSEND\=YES
    export ENABLE_TESTABILITY\=YES
    export ENABLE_TESTING_SEARCH_PATHS\=NO
    export ENABLE_USER_SCRIPT_SANDBOXING\=NO
    export ENABLE_XOJIT_PREVIEWS\=YES
    export ENFORCE_VALID_ARCHS\=YES
    export ENTITLEMENTS_DESTINATION\=Signature
    export ENTITLEMENTS_REQUIRED\=NO
    export EXCLUDED_INSTALLSRC_SUBDIRECTORY_PATTERNS\=.DS_Store\ .svn\ .git\ .hg\ CVS
    export EXCLUDED_RECURSIVE_SEARCH_PATH_SUBDIRECTORIES\=\*.nib\ \*.lproj\ \*.framework\ \*.gch\ \*.xcode\*\ \*.xcassets\ \*.icon\ \(\*\)\ .DS_Store\ CVS\ .svn\ .git\ .hg\ \*.pbproj\ \*.pbxproj
    export EXCLUDED_SOURCE_FILE_NAMES\=\*.md
    export EXECUTABLES_FOLDER_PATH\=net.mrmidi.ASFW.ASFWDriver.dext/Executables
    export EXECUTABLE_FOLDER_PATH\=net.mrmidi.ASFW.ASFWDriver.dext
    export EXECUTABLE_FOLDER_PATH_SHALLOW_BUNDLE_NO\=net.mrmidi.ASFW.ASFWDriver.dext/MacOS
    export EXECUTABLE_FOLDER_PATH_SHALLOW_BUNDLE_YES\=net.mrmidi.ASFW.ASFWDriver.dext
    export EXECUTABLE_NAME\=net.mrmidi.ASFW.ASFWDriver
    export EXECUTABLE_PATH\=net.mrmidi.ASFW.ASFWDriver.dext/net.mrmidi.ASFW.ASFWDriver
    export EXPANDED_CODE_SIGN_IDENTITY\=-
    export EXPANDED_CODE_SIGN_IDENTITY_NAME\=Sign\ to\ Run\ Locally
    export EXTENSIONS_FOLDER_PATH\=net.mrmidi.ASFW.ASFWDriver.dext/Extensions
    export FILE_LIST\=/Users/mrmidi/Library/Developer/Xcode/DerivedData/ASFW-booajhrsdnjwahepzavjselwomuh/Build/Intermediates.noindex/ASFW.build/Debug-driverkit/ASFWDriver.build/Objects/LinkFileList
    export FIXED_FILES_DIR\=/Users/mrmidi/Library/Developer/Xcode/DerivedData/ASFW-booajhrsdnjwahepzavjselwomuh/Build/Intermediates.noindex/ASFW.build/Debug-driverkit/ASFWDriver.build/FixedFiles
    export FRAMEWORKS_FOLDER_PATH\=net.mrmidi.ASFW.ASFWDriver.dext/Frameworks
    export FRAMEWORK_FLAG_PREFIX\=-framework
    export FRAMEWORK_SEARCH_PATHS\=/Users/mrmidi/Library/Developer/Xcode/DerivedData/ASFW-booajhrsdnjwahepzavjselwomuh/Build/Products/Debug-driverkit\ \ /Applications/Xcode.app/Contents/Developer/Platforms/DriverKit.platform/Developer/SDKs/DriverKit25.1.sdk/System/DriverKit/System/Library/Frameworks
    export FRAMEWORK_VERSION\=A
    export FULL_PRODUCT_NAME\=net.mrmidi.ASFW.ASFWDriver.dext
    export FUSE_BUILD_PHASES\=YES
    export FUSE_BUILD_SCRIPT_PHASES\=NO
    export GCC3_VERSION\=3.3
    export GCC_C_LANGUAGE_STANDARD\=gnu17
    export GCC_DYNAMIC_NO_PIC\=NO
    export GCC_INLINES_ARE_PRIVATE_EXTERN\=YES
    export GCC_NO_COMMON_BLOCKS\=YES
    export GCC_OPTIMIZATION_LEVEL\=0
    export GCC_PFE_FILE_C_DIALECTS\=c\ objective-c\ c++\ objective-c++
    export GCC_PREPROCESSOR_DEFINITIONS\=DEBUG\=1\ 
    export GCC_SYMBOLS_PRIVATE_EXTERN\=NO
    export GCC_THUMB_SUPPORT\=YES
    export GCC_TREAT_WARNINGS_AS_ERRORS\=NO
    export GCC_VERSION\=com.apple.compilers.llvm.clang.1_0
    export GCC_VERSION_IDENTIFIER\=com_apple_compilers_llvm_clang_1_0
    export GCC_WARN_64_TO_32_BIT_CONVERSION\=YES
    export GCC_WARN_ABOUT_RETURN_TYPE\=YES_ERROR
    export GCC_WARN_UNDECLARED_SELECTOR\=YES
    export GCC_WARN_UNINITIALIZED_AUTOS\=YES_AGGRESSIVE
    export GCC_WARN_UNUSED_FUNCTION\=YES
    export GCC_WARN_UNUSED_VARIABLE\=YES
    export GENERATED_MODULEMAP_DIR\=/Users/mrmidi/Library/Developer/Xcode/DerivedData/ASFW-booajhrsdnjwahepzavjselwomuh/Build/Intermediates.noindex/GeneratedModuleMaps-driverkit
    export GENERATE_INFOPLIST_FILE\=YES
    export GENERATE_INTERMEDIATE_TEXT_BASED_STUBS\=YES
    export GENERATE_PKGINFO_FILE\=NO
    export GENERATE_PRELINK_OBJECT_FILE\=NO
    export GENERATE_PROFILING_CODE\=NO
    export GENERATE_TEXT_BASED_STUBS\=NO
    export GID\=20
    export GROUP\=staff
    export HEADERMAP_INCLUDES_FLAT_ENTRIES_FOR_TARGET_BEING_BUILT\=YES
    export HEADERMAP_INCLUDES_FRAMEWORK_ENTRIES_FOR_ALL_PRODUCT_TYPES\=YES
    export HEADERMAP_INCLUDES_FRAMEWORK_ENTRIES_FOR_TARGETS_NOT_BEING_BUILT\=YES
    export HEADERMAP_INCLUDES_NONPUBLIC_NONPRIVATE_HEADERS\=YES
    export HEADERMAP_INCLUDES_PROJECT_HEADERS\=YES
    export HEADERMAP_USES_FRAMEWORK_PREFIX_ENTRIES\=YES
    export HEADERMAP_USES_VFS\=NO
    export HEADER_SEARCH_PATHS\=/Users/mrmidi/Library/Developer/Xcode/DerivedData/ASFW-booajhrsdnjwahepzavjselwomuh/Build/Products/Debug-driverkit/include\ 
    export HOME\=/Users/mrmidi
    export HOST_ARCH\=arm64
    export HOST_PLATFORM\=macosx
    export ICONV\=/usr/bin/iconv
    export IMPLICIT_DEPENDENCY_DOMAIN\=default
    export INFOPLIST_ENABLE_CFBUNDLEICONS_MERGE\=YES
    export INFOPLIST_EXPAND_BUILD_SETTINGS\=YES
    export INFOPLIST_FILE\=ASFWDriver/Info.plist
    export INFOPLIST_OUTPUT_FORMAT\=binary
    export INFOPLIST_PATH\=net.mrmidi.ASFW.ASFWDriver.dext/Info.plist
    export INFOPLIST_PREPROCESS\=NO
    export INFOSTRINGS_PATH\=net.mrmidi.ASFW.ASFWDriver.dext/en.lproj/InfoPlist.strings
    export INLINE_PRIVATE_FRAMEWORKS\=NO
    export INSTALLAPI_IGNORE_SKIP_INSTALL\=YES
    export INSTALLHDRS_COPY_PHASE\=NO
    export INSTALLHDRS_SCRIPT_PHASE\=NO
    export INSTALL_DIR\=/tmp/ASFW.dst/System/Library/DriverExtensions
    export INSTALL_GROUP\=staff
    export INSTALL_MODE_FLAG\=u+w,go-w,a+rX
    export INSTALL_OWNER\=mrmidi
    export INSTALL_PATH\=/System/Library/DriverExtensions
    export INSTALL_ROOT\=/tmp/ASFW.dst
    export IS_UNOPTIMIZED_BUILD\=YES
    export JAVAC_DEFAULT_FLAGS\=-J-Xms64m\ -J-XX:NewSize\=4M\ -J-Dfile.encoding\=UTF8
    export JAVA_APP_STUB\=/System/Library/Frameworks/JavaVM.framework/Resources/MacOS/JavaApplicationStub
    export JAVA_ARCHIVE_CLASSES\=YES
    export JAVA_ARCHIVE_TYPE\=JAR
    export JAVA_COMPILER\=/usr/bin/javac
    export JAVA_FOLDER_PATH\=net.mrmidi.ASFW.ASFWDriver.dext/Java
    export JAVA_FRAMEWORK_RESOURCES_DIRS\=Resources
    export JAVA_JAR_FLAGS\=cv
    export JAVA_SOURCE_SUBDIR\=.
    export JAVA_USE_DEPENDENCIES\=YES
    export JAVA_ZIP_FLAGS\=-urg
    export JIKES_DEFAULT_FLAGS\=+E\ +OLDCSO
    export KASAN_CFLAGS_CLASSIC\=-DKASAN\=1\ -DKASAN_CLASSIC\=1\ -fsanitize\=address\ -mllvm\ -asan-globals-live-support\ -mllvm\ -asan-force-dynamic-shadow
    export KASAN_CFLAGS_TBI\=-DKASAN\=1\ -DKASAN_TBI\=1\ -fsanitize\=kernel-hwaddress\ -mllvm\ -hwasan-recover\=0\ -mllvm\ -hwasan-instrument-atomics\=0\ -mllvm\ -hwasan-instrument-stack\=1\ -mllvm\ -hwasan-generate-tags-with-calls\=1\ -mllvm\ -hwasan-instrument-with-calls\=1\ -mllvm\ -hwasan-use-short-granules\=0\ -mllvm\ -hwasan-memory-access-callback-prefix\=__asan_
    export KASAN_DEFAULT_CFLAGS\=-DKASAN\=1\ -DKASAN_CLASSIC\=1\ -fsanitize\=address\ -mllvm\ -asan-globals-live-support\ -mllvm\ -asan-force-dynamic-shadow
    export KEEP_PRIVATE_EXTERNS\=NO
    export LD_DEPENDENCY_INFO_FILE\=/Users/mrmidi/Library/Developer/Xcode/DerivedData/ASFW-booajhrsdnjwahepzavjselwomuh/Build/Intermediates.noindex/ASFW.build/Debug-driverkit/ASFWDriver.build/Objects-normal/undefined_arch/net.mrmidi.ASFW.ASFWDriver_dependency_info.dat
    export LD_EXPORT_SYMBOLS\=YES
    export LD_GENERATE_MAP_FILE\=NO
    export LD_MAP_FILE_PATH\=/Users/mrmidi/Library/Developer/Xcode/DerivedData/ASFW-booajhrsdnjwahepzavjselwomuh/Build/Intermediates.noindex/ASFW.build/Debug-driverkit/ASFWDriver.build/net.mrmidi.ASFW.ASFWDriver-LinkMap-normal-undefined_arch.txt
    export LD_NO_PIE\=NO
    export LD_QUOTE_LINKER_ARGUMENTS_FOR_COMPILER_DRIVER\=YES
    export LD_SHARED_CACHE_ELIGIBLE\=Automatic
    export LD_WARN_DUPLICATE_LIBRARIES\=NO
    export LD_WARN_UNUSED_DYLIBS\=NO
    export LEGACY_DEVELOPER_DIR\=/Applications/Xcode.app/Contents/PlugIns/Xcode3Core.ideplugin/Contents/SharedSupport/Developer
    export LEX\=lex
    export LIBRARY_DEXT_INSTALL_PATH\=/Library/DriverExtensions
    export LIBRARY_FLAG_NOSPACE\=YES
    export LIBRARY_FLAG_PREFIX\=-l
    export LIBRARY_KEXT_INSTALL_PATH\=/Library/Extensions
    export LIBRARY_SEARCH_PATHS\=/Users/mrmidi/Library/Developer/Xcode/DerivedData/ASFW-booajhrsdnjwahepzavjselwomuh/Build/Products/Debug-driverkit\ 
    export LINKER_DISPLAYS_MANGLED_NAMES\=NO
    export LINK_FILE_LIST_normal_arm64\=/Users/mrmidi/Library/Developer/Xcode/DerivedData/ASFW-booajhrsdnjwahepzavjselwomuh/Build/Intermediates.noindex/ASFW.build/Debug-driverkit/ASFWDriver.build/Objects-normal/arm64/net.mrmidi.ASFW.ASFWDriver.LinkFileList
    export LINK_FILE_LIST_normal_x86_64\=/Users/mrmidi/Library/Developer/Xcode/DerivedData/ASFW-booajhrsdnjwahepzavjselwomuh/Build/Intermediates.noindex/ASFW.build/Debug-driverkit/ASFWDriver.build/Objects-normal/x86_64/net.mrmidi.ASFW.ASFWDriver.LinkFileList
    export LINK_OBJC_RUNTIME\=NO
    export LINK_WITH_STANDARD_LIBRARIES\=YES
    export LLVM_TARGET_TRIPLE_OS_VERSION\=driverkit25.0
    export LLVM_TARGET_TRIPLE_VENDOR\=apple
    export LM_AUX_CONST_METADATA_LIST_PATH_normal_arm64\=/Users/mrmidi/Library/Developer/Xcode/DerivedData/ASFW-booajhrsdnjwahepzavjselwomuh/Build/Intermediates.noindex/ASFW.build/Debug-driverkit/ASFWDriver.build/Objects-normal/arm64/net.mrmidi.ASFW.ASFWDriver.SwiftConstValuesFileList
    export LM_AUX_CONST_METADATA_LIST_PATH_normal_x86_64\=/Users/mrmidi/Library/Developer/Xcode/DerivedData/ASFW-booajhrsdnjwahepzavjselwomuh/Build/Intermediates.noindex/ASFW.build/Debug-driverkit/ASFWDriver.build/Objects-normal/x86_64/net.mrmidi.ASFW.ASFWDriver.SwiftConstValuesFileList
    export LOCALIZATION_EXPORT_SUPPORTED\=YES
    export LOCALIZATION_PREFERS_STRING_CATALOGS\=YES
    export LOCALIZED_RESOURCES_FOLDER_PATH\=net.mrmidi.ASFW.ASFWDriver.dext/en.lproj
    export LOCALIZED_STRING_MACRO_NAMES\=NSLocalizedString\ CFCopyLocalizedString
    export LOCALIZED_STRING_SWIFTUI_SUPPORT\=YES
    export LOCAL_ADMIN_APPS_DIR\=/Applications/Utilities
    export LOCAL_APPS_DIR\=/Applications
    export LOCAL_DEVELOPER_DIR\=/Library/Developer
    export LOCAL_LIBRARY_DIR\=/Library
    export LOCROOT\=/Users/mrmidi/DEV/FirWireDriver/ASFW
    export LOCSYMROOT\=/Users/mrmidi/DEV/FirWireDriver/ASFW
    export MACH_O_TYPE\=mh_execute
    export MAC_OS_X_PRODUCT_BUILD_VERSION\=25B77
    export MAC_OS_X_VERSION_ACTUAL\=260100
    export MAC_OS_X_VERSION_MAJOR\=260000
    export MAC_OS_X_VERSION_MINOR\=260100
    export MAKE_MERGEABLE\=NO
    export MARKETING_VERSION\=1.0
    export MERGEABLE_LIBRARY\=NO
    export MERGED_BINARY_TYPE\=none
    export MERGE_LINKED_LIBRARIES\=NO
    export METAL_LIBRARY_FILE_BASE\=default
    export METAL_LIBRARY_OUTPUT_DIR\=/Users/mrmidi/Library/Developer/Xcode/DerivedData/ASFW-booajhrsdnjwahepzavjselwomuh/Build/Products/Debug-driverkit/net.mrmidi.ASFW.ASFWDriver.dext
    export MODULES_FOLDER_PATH\=net.mrmidi.ASFW.ASFWDriver.dext/Modules
    export MODULE_CACHE_DIR\=/Users/mrmidi/Library/Developer/Xcode/DerivedData/ModuleCache.noindex
    export MTL_ENABLE_DEBUG_INFO\=INCLUDE_SOURCE
    export MTL_FAST_MATH\=YES
    export NATIVE_ARCH\=arm64
    export NATIVE_ARCH_32_BIT\=arm
    export NATIVE_ARCH_64_BIT\=arm64
    export NATIVE_ARCH_ACTUAL\=arm64
    export NO_COMMON\=YES
    export OBJECT_FILE_DIR\=/Users/mrmidi/Library/Developer/Xcode/DerivedData/ASFW-booajhrsdnjwahepzavjselwomuh/Build/Intermediates.noindex/ASFW.build/Debug-driverkit/ASFWDriver.build/Objects
    export OBJECT_FILE_DIR_normal\=/Users/mrmidi/Library/Developer/Xcode/DerivedData/ASFW-booajhrsdnjwahepzavjselwomuh/Build/Intermediates.noindex/ASFW.build/Debug-driverkit/ASFWDriver.build/Objects-normal
    export OBJROOT\=/Users/mrmidi/Library/Developer/Xcode/DerivedData/ASFW-booajhrsdnjwahepzavjselwomuh/Build/Intermediates.noindex
    export ONLY_ACTIVE_ARCH\=NO
    export OS\=MACOS
    export OSAC\=/usr/bin/osacompile
    export PACKAGE_TYPE\=com.apple.package-type.wrapper.driver-extension
    export PASCAL_STRINGS\=YES
    export PATH\=/Applications/Xcode.app/Contents/SharedFrameworks/SwiftBuild.framework/Versions/A/PlugIns/SWBBuildService.bundle/Contents/PlugIns/SWBUniversalPlatformPlugin.bundle/Contents/Frameworks/SWBUniversalPlatform.framework/Resources:/Applications/Xcode.app/Contents/Developer/Toolchains/XcodeDefault.xctoolchain/usr/bin:/Applications/Xcode.app/Contents/Developer/Toolchains/XcodeDefault.xctoolchain/usr/local/bin:/Applications/Xcode.app/Contents/Developer/Toolchains/XcodeDefault.xctoolchain/usr/libexec:/Applications/Xcode.app/Contents/Developer/Platforms/DriverKit.platform/usr/bin:/Applications/Xcode.app/Contents/Developer/Platforms/DriverKit.platform/usr/local/bin:/Applications/Xcode.app/Contents/Developer/Platforms/DriverKit.platform/Developer/usr/bin:/Applications/Xcode.app/Contents/Developer/Platforms/DriverKit.platform/Developer/usr/local/bin:/Applications/Xcode.app/Contents/Developer/usr/bin:/Applications/Xcode.app/Contents/Developer/usr/local/bin:/Users/mrmidi/.antigravity/antigravity/bin:/opt/homebrew/opt/curl/bin:/opt/homebrew/opt/ruby/bin:/Users/mrmidi/.codeium/windsurf/bin:/Users/mrmidi/.gem/ruby/3.4.0/bin:/Users/mrmidi/DEV/depot_tools:/opt/homebrew/bin:/opt/homebrew/sbin:/Library/Frameworks/Python.framework/Versions/3.12/bin:/usr/local/bin:/System/Cryptexes/App/usr/bin:/usr/bin:/bin:/usr/sbin:/sbin:/var/run/com.apple.security.cryptexd/codex.system/bootstrap/usr/local/bin:/var/run/com.apple.security.cryptexd/codex.system/bootstrap/usr/bin:/var/run/com.apple.security.cryptexd/codex.system/bootstrap/usr/appleinternal/bin:/opt/pmk/env/global/bin:/Library/Apple/usr/bin:/Library/TeX/texbin:/usr/local/share/dotnet:/usr/local/go/bin:/Library/Frameworks/Mono.framework/Versions/Current/Commands:/opt/podman/bin:/Users/mrmidi/.sdkman/candidates/java/current/bin:/Users/mrmidi/.cargo/bin:/Users/mrmidi/Library/Application\ Support/JetBrains/Toolbox/scripts:/Users/mrmidi/.local/bin
    export PATH_PREFIXES_EXCLUDED_FROM_HEADER_DEPENDENCIES\=/usr/include\ /usr/local/include\ /System/Library/Frameworks\ /System/Library/PrivateFrameworks\ /Applications/Xcode.app/Contents/Developer/Headers\ /Applications/Xcode.app/Contents/Developer/SDKs\ /Applications/Xcode.app/Contents/Developer/Platforms
    export PBDEVELOPMENTPLIST_PATH\=net.mrmidi.ASFW.ASFWDriver.dext/pbdevelopment.plist
    export PER_ARCH_MODULE_FILE_DIR\=/Users/mrmidi/Library/Developer/Xcode/DerivedData/ASFW-booajhrsdnjwahepzavjselwomuh/Build/Intermediates.noindex/ASFW.build/Debug-driverkit/ASFWDriver.build/Objects-normal/undefined_arch
    export PER_ARCH_OBJECT_FILE_DIR\=/Users/mrmidi/Library/Developer/Xcode/DerivedData/ASFW-booajhrsdnjwahepzavjselwomuh/Build/Intermediates.noindex/ASFW.build/Debug-driverkit/ASFWDriver.build/Objects-normal/undefined_arch
    export PER_VARIANT_OBJECT_FILE_DIR\=/Users/mrmidi/Library/Developer/Xcode/DerivedData/ASFW-booajhrsdnjwahepzavjselwomuh/Build/Intermediates.noindex/ASFW.build/Debug-driverkit/ASFWDriver.build/Objects-normal
    export PKGINFO_FILE_PATH\=/Users/mrmidi/Library/Developer/Xcode/DerivedData/ASFW-booajhrsdnjwahepzavjselwomuh/Build/Intermediates.noindex/ASFW.build/Debug-driverkit/ASFWDriver.build/PkgInfo
    export PKGINFO_PATH\=net.mrmidi.ASFW.ASFWDriver.dext/PkgInfo
    export PLATFORM_DEVELOPER_APPLICATIONS_DIR\=/Applications/Xcode.app/Contents/Developer/Platforms/DriverKit.platform/Developer/Applications
    export PLATFORM_DEVELOPER_BIN_DIR\=/Applications/Xcode.app/Contents/Developer/Platforms/DriverKit.platform/Developer/usr/bin
    export PLATFORM_DEVELOPER_LIBRARY_DIR\=/Applications/Xcode.app/Contents/Developer/Platforms/DriverKit.platform/Developer/Library
    export PLATFORM_DEVELOPER_SDK_DIR\=/Applications/Xcode.app/Contents/Developer/Platforms/DriverKit.platform/Developer/SDKs
    export PLATFORM_DEVELOPER_TOOLS_DIR\=/Applications/Xcode.app/Contents/Developer/Platforms/DriverKit.platform/Developer/Tools
    export PLATFORM_DEVELOPER_USR_DIR\=/Applications/Xcode.app/Contents/Developer/Platforms/DriverKit.platform/Developer/usr
    export PLATFORM_DIR\=/Applications/Xcode.app/Contents/Developer/Platforms/DriverKit.platform
    export PLATFORM_DISPLAY_NAME\=DriverKit
    export PLATFORM_FAMILY_NAME\=DriverKit
    export PLATFORM_NAME\=driverkit
    export PLATFORM_PRODUCT_BUILD_VERSION\=25B74
    export PLATFORM_REQUIRES_SWIFT_AUTOLINK_EXTRACT\=NO
    export PLATFORM_REQUIRES_SWIFT_MODULEWRAP\=NO
    export PLIST_FILE_OUTPUT_FORMAT\=binary
    export PLUGINS_FOLDER_PATH\=net.mrmidi.ASFW.ASFWDriver.dext/PlugIns
    export PRECOMPS_INCLUDE_HEADERS_FROM_BUILT_PRODUCTS_DIR\=YES
    export PRECOMP_DESTINATION_DIR\=/Users/mrmidi/Library/Developer/Xcode/DerivedData/ASFW-booajhrsdnjwahepzavjselwomuh/Build/Intermediates.noindex/ASFW.build/Debug-driverkit/ASFWDriver.build/PrefixHeaders
    export PRIVATE_HEADERS_FOLDER_PATH\=net.mrmidi.ASFW.ASFWDriver.dext/PrivateHeaders
    export PROCESSED_INFOPLIST_PATH\=/Users/mrmidi/Library/Developer/Xcode/DerivedData/ASFW-booajhrsdnjwahepzavjselwomuh/Build/Intermediates.noindex/ASFW.build/Debug-driverkit/ASFWDriver.build/Objects-normal/undefined_arch/Processed-Info.plist
    export PRODUCT_BUNDLE_IDENTIFIER\=net.mrmidi.ASFW.ASFWDriver
    export PRODUCT_BUNDLE_PACKAGE_TYPE\=DEXT
    export PRODUCT_MODULE_NAME\=net_mrmidi_ASFW_ASFWDriver
    export PRODUCT_NAME\=net.mrmidi.ASFW.ASFWDriver
    export PRODUCT_SETTINGS_PATH\=/Users/mrmidi/DEV/FirWireDriver/ASFW/ASFWDriver/Info.plist
    export PRODUCT_TYPE\=com.apple.product-type.driver-extension
    export PROFILING_CODE\=NO
    export PROJECT\=ASFW
    export PROJECT_DERIVED_FILE_DIR\=/Users/mrmidi/Library/Developer/Xcode/DerivedData/ASFW-booajhrsdnjwahepzavjselwomuh/Build/Intermediates.noindex/ASFW.build/DerivedSources
    export PROJECT_DIR\=/Users/mrmidi/DEV/FirWireDriver/ASFW
    export PROJECT_FILE_PATH\=/Users/mrmidi/DEV/FirWireDriver/ASFW/ASFW.xcodeproj
    export PROJECT_GUID\=a3121d552a954bcb03a2d2d96fb89149
    export PROJECT_NAME\=ASFW
    export PROJECT_TEMP_DIR\=/Users/mrmidi/Library/Developer/Xcode/DerivedData/ASFW-booajhrsdnjwahepzavjselwomuh/Build/Intermediates.noindex/ASFW.build
    export PROJECT_TEMP_ROOT\=/Users/mrmidi/Library/Developer/Xcode/DerivedData/ASFW-booajhrsdnjwahepzavjselwomuh/Build/Intermediates.noindex
    export PROVISIONING_PROFILE_REQUIRED\=YES
    export PROVISIONING_PROFILE_SUPPORTED\=YES
    export PUBLIC_HEADERS_FOLDER_PATH\=net.mrmidi.ASFW.ASFWDriver.dext/Headers
    export RECOMMENDED_DRIVERKIT_DEPLOYMENT_TARGET\=20.0
    export RECURSIVE_SEARCH_PATHS_FOLLOW_SYMLINKS\=YES
    export REMOVE_CVS_FROM_RESOURCES\=YES
    export REMOVE_GIT_FROM_RESOURCES\=YES
    export REMOVE_HEADERS_FROM_EMBEDDED_BUNDLES\=YES
    export REMOVE_HG_FROM_RESOURCES\=YES
    export REMOVE_STATIC_EXECUTABLES_FROM_EMBEDDED_BUNDLES\=YES
    export REMOVE_SVN_FROM_RESOURCES\=YES
    export RESCHEDULE_INDEPENDENT_HEADERS_PHASES\=YES
    export REZ_COLLECTOR_DIR\=/Users/mrmidi/Library/Developer/Xcode/DerivedData/ASFW-booajhrsdnjwahepzavjselwomuh/Build/Intermediates.noindex/ASFW.build/Debug-driverkit/ASFWDriver.build/ResourceManagerResources
    export REZ_OBJECTS_DIR\=/Users/mrmidi/Library/Developer/Xcode/DerivedData/ASFW-booajhrsdnjwahepzavjselwomuh/Build/Intermediates.noindex/ASFW.build/Debug-driverkit/ASFWDriver.build/ResourceManagerResources/Objects
    export REZ_SEARCH_PATHS\=/Users/mrmidi/Library/Developer/Xcode/DerivedData/ASFW-booajhrsdnjwahepzavjselwomuh/Build/Products/Debug-driverkit\ 
    export RUNTIME_EXCEPTION_ALLOW_DYLD_ENVIRONMENT_VARIABLES\=NO
    export RUNTIME_EXCEPTION_ALLOW_JIT\=NO
    export RUNTIME_EXCEPTION_ALLOW_UNSIGNED_EXECUTABLE_MEMORY\=NO
    export RUNTIME_EXCEPTION_DEBUGGING_TOOL\=NO
    export RUNTIME_EXCEPTION_DISABLE_EXECUTABLE_PAGE_PROTECTION\=NO
    export RUNTIME_EXCEPTION_DISABLE_LIBRARY_VALIDATION\=NO
    export RUN_CLANG_STATIC_ANALYZER\=YES
    export SCAN_ALL_SOURCE_FILES_FOR_INCLUDES\=NO
    export SCRIPTS_FOLDER_PATH\=net.mrmidi.ASFW.ASFWDriver.dext/Scripts
    export SCRIPT_INPUT_FILE_COUNT\=0
    export SCRIPT_INPUT_FILE_LIST_COUNT\=0
    export SCRIPT_OUTPUT_FILE_COUNT\=0
    export SCRIPT_OUTPUT_FILE_LIST_COUNT\=0
    export SDKROOT\=/Applications/Xcode.app/Contents/Developer/Platforms/DriverKit.platform/Developer/SDKs/DriverKit25.1.sdk
    export SDK_DIR\=/Applications/Xcode.app/Contents/Developer/Platforms/DriverKit.platform/Developer/SDKs/DriverKit25.1.sdk
    export SDK_DIR_driverkit\=/Applications/Xcode.app/Contents/Developer/Platforms/DriverKit.platform/Developer/SDKs/DriverKit25.1.sdk
    export SDK_DIR_driverkit25_1\=/Applications/Xcode.app/Contents/Developer/Platforms/DriverKit.platform/Developer/SDKs/DriverKit25.1.sdk
    export SDK_NAME\=driverkit25.1
    export SDK_NAMES\=driverkit25.1
    export SDK_STAT_CACHE_DIR\=/Users/mrmidi/Library/Developer/Xcode/DerivedData
    export SDK_STAT_CACHE_ENABLE\=YES
    export SDK_STAT_CACHE_PATH\=/Users/mrmidi/Library/Developer/Xcode/DerivedData/SDKStatCaches.noindex/driverkit25.1-none-32725615b93b99fc7e97bd15ca8f07b5.sdkstatcache
    export SDK_VERSION\=25.1
    export SDK_VERSION_ACTUAL\=250100
    export SDK_VERSION_MAJOR\=250000
    export SDK_VERSION_MINOR\=250100
    export SED\=/usr/bin/sed
    export SEPARATE_STRIP\=NO
    export SEPARATE_SYMBOL_EDIT\=NO
    export SET_DIR_MODE_OWNER_GROUP\=YES
    export SET_FILE_MODE_OWNER_GROUP\=NO
    export SHALLOW_BUNDLE\=YES
    export SHALLOW_BUNDLE_TRIPLE\=driverkit
    export SHALLOW_BUNDLE_ios_macabi\=NO
    export SHALLOW_BUNDLE_macos\=NO
    export SHARED_DERIVED_FILE_DIR\=/Users/mrmidi/Library/Developer/Xcode/DerivedData/ASFW-booajhrsdnjwahepzavjselwomuh/Build/Products/Debug-driverkit/DerivedSources
    export SHARED_FRAMEWORKS_FOLDER_PATH\=net.mrmidi.ASFW.ASFWDriver.dext/SharedFrameworks
    export SHARED_PRECOMPS_DIR\=/Users/mrmidi/Library/Developer/Xcode/DerivedData/ASFW-booajhrsdnjwahepzavjselwomuh/Build/Intermediates.noindex/PrecompiledHeaders
    export SHARED_SUPPORT_FOLDER_PATH\=net.mrmidi.ASFW.ASFWDriver.dext/SharedSupport
    export SKIP_INSTALL\=YES
    export SOURCE_ROOT\=/Users/mrmidi/DEV/FirWireDriver/ASFW
    export SRCROOT\=/Users/mrmidi/DEV/FirWireDriver/ASFW
    export STRINGSDATA_DIR\=/Users/mrmidi/Library/Developer/Xcode/DerivedData/ASFW-booajhrsdnjwahepzavjselwomuh/Build/Intermediates.noindex/ASFW.build/Debug-driverkit/ASFWDriver.build/Objects-normal/undefined_arch
    export STRINGSDATA_ROOT\=/Users/mrmidi/Library/Developer/Xcode/DerivedData/ASFW-booajhrsdnjwahepzavjselwomuh/Build/Intermediates.noindex/ASFW.build/Debug-driverkit/ASFWDriver.build
    export STRINGS_FILE_INFOPLIST_RENAME\=YES
    export STRINGS_FILE_OUTPUT_ENCODING\=binary
    export STRING_CATALOG_GENERATE_SYMBOLS\=YES
    export STRIP_BITCODE_FROM_COPIED_FILES\=NO
    export STRIP_INSTALLED_PRODUCT\=NO
    export STRIP_STYLE\=debugging
    export STRIP_SWIFT_SYMBOLS\=YES
    export SUPPORTED_PLATFORMS\=driverkit
    export SUPPORTS_TEXT_BASED_API\=NO
    export SUPPRESS_WARNINGS\=NO
    export SWIFT_ACTIVE_COMPILATION_CONDITIONS\=DEBUG\ 
    export SWIFT_EMIT_CONST_VALUE_PROTOCOLS\=AppIntent\ EntityQuery\ AppEntity\ TransientEntity\ AppEnum\ AppShortcutProviding\ AppShortcutsProvider\ AnyResolverProviding\ AppIntentsPackage\ DynamicOptionsProvider\ _IntentValueRepresentable\ _AssistantIntentsProvider\ _GenerativeFunctionExtractable\ IntentValueQuery\ Resolver\ AppExtension\ ExtensionPointDefining
    export SWIFT_EMIT_LOC_STRINGS\=YES
    export SWIFT_ENABLE_EXPLICIT_MODULES\=YES
    export SWIFT_OPTIMIZATION_LEVEL\=-Onone
    export SWIFT_PLATFORM_TARGET_PREFIX\=driverkit
    export SWIFT_RESPONSE_FILE_PATH_normal_arm64\=/Users/mrmidi/Library/Developer/Xcode/DerivedData/ASFW-booajhrsdnjwahepzavjselwomuh/Build/Intermediates.noindex/ASFW.build/Debug-driverkit/ASFWDriver.build/Objects-normal/arm64/net.mrmidi.ASFW.ASFWDriver.SwiftFileList
    export SWIFT_RESPONSE_FILE_PATH_normal_x86_64\=/Users/mrmidi/Library/Developer/Xcode/DerivedData/ASFW-booajhrsdnjwahepzavjselwomuh/Build/Intermediates.noindex/ASFW.build/Debug-driverkit/ASFWDriver.build/Objects-normal/x86_64/net.mrmidi.ASFW.ASFWDriver.SwiftFileList
    export SWIFT_VERSION\=6.0
    export SYMROOT\=/Users/mrmidi/Library/Developer/Xcode/DerivedData/ASFW-booajhrsdnjwahepzavjselwomuh/Build/Products
    export SYSTEM_ADMIN_APPS_DIR\=/Applications/Utilities
    export SYSTEM_APPS_DIR\=/Applications
    export SYSTEM_CORE_SERVICES_DIR\=/System/Library/CoreServices
    export SYSTEM_DEMOS_DIR\=/Applications/Extras
    export SYSTEM_DEVELOPER_APPS_DIR\=/Applications/Xcode.app/Contents/Developer/Applications
    export SYSTEM_DEVELOPER_BIN_DIR\=/Applications/Xcode.app/Contents/Developer/usr/bin
    export SYSTEM_DEVELOPER_DEMOS_DIR\=/Applications/Xcode.app/Contents/Developer/Applications/Utilities/Built\ Examples
    export SYSTEM_DEVELOPER_DIR\=/Applications/Xcode.app/Contents/Developer
    export SYSTEM_DEVELOPER_DOC_DIR\=/Applications/Xcode.app/Contents/Developer/ADC\ Reference\ Library
    export SYSTEM_DEVELOPER_GRAPHICS_TOOLS_DIR\=/Applications/Xcode.app/Contents/Developer/Applications/Graphics\ Tools
    export SYSTEM_DEVELOPER_JAVA_TOOLS_DIR\=/Applications/Xcode.app/Contents/Developer/Applications/Java\ Tools
    export SYSTEM_DEVELOPER_PERFORMANCE_TOOLS_DIR\=/Applications/Xcode.app/Contents/Developer/Applications/Performance\ Tools
    export SYSTEM_DEVELOPER_RELEASENOTES_DIR\=/Applications/Xcode.app/Contents/Developer/ADC\ Reference\ Library/releasenotes
    export SYSTEM_DEVELOPER_TOOLS\=/Applications/Xcode.app/Contents/Developer/Tools
    export SYSTEM_DEVELOPER_TOOLS_DOC_DIR\=/Applications/Xcode.app/Contents/Developer/ADC\ Reference\ Library/documentation/DeveloperTools
    export SYSTEM_DEVELOPER_TOOLS_RELEASENOTES_DIR\=/Applications/Xcode.app/Contents/Developer/ADC\ Reference\ Library/releasenotes/DeveloperTools
    export SYSTEM_DEVELOPER_USR_DIR\=/Applications/Xcode.app/Contents/Developer/usr
    export SYSTEM_DEVELOPER_UTILITIES_DIR\=/Applications/Xcode.app/Contents/Developer/Applications/Utilities
    export SYSTEM_DEXT_INSTALL_PATH\=/System/Library/DriverExtensions
    export SYSTEM_DOCUMENTATION_DIR\=/Library/Documentation
    export SYSTEM_EXTENSIONS_FOLDER_PATH\=net.mrmidi.ASFW.ASFWDriver.dext/SystemExtensions
    export SYSTEM_EXTENSIONS_FOLDER_PATH_SHALLOW_BUNDLE_NO\=net.mrmidi.ASFW.ASFWDriver.dext/Library/SystemExtensions
    export SYSTEM_EXTENSIONS_FOLDER_PATH_SHALLOW_BUNDLE_YES\=net.mrmidi.ASFW.ASFWDriver.dext/SystemExtensions
    export SYSTEM_KEXT_INSTALL_PATH\=/System/Library/Extensions
    export SYSTEM_LIBRARY_DIR\=/System/Library
    export SYSTEM_PREFIX\=/System/DriverKit
    export TAPI_DEMANGLE\=YES
    export TAPI_ENABLE_PROJECT_HEADERS\=NO
    export TAPI_LANGUAGE\=objective-c
    export TAPI_LANGUAGE_STANDARD\=compiler-default
    export TAPI_USE_SRCROOT\=YES
    export TAPI_VERIFY_MODE\=Pedantic
    export TARGETNAME\=ASFWDriver
    export TARGET_BUILD_DIR\=/Users/mrmidi/Library/Developer/Xcode/DerivedData/ASFW-booajhrsdnjwahepzavjselwomuh/Build/Products/Debug-driverkit
    export TARGET_NAME\=ASFWDriver
    export TARGET_TEMP_DIR\=/Users/mrmidi/Library/Developer/Xcode/DerivedData/ASFW-booajhrsdnjwahepzavjselwomuh/Build/Intermediates.noindex/ASFW.build/Debug-driverkit/ASFWDriver.build
    export TEMP_DIR\=/Users/mrmidi/Library/Developer/Xcode/DerivedData/ASFW-booajhrsdnjwahepzavjselwomuh/Build/Intermediates.noindex/ASFW.build/Debug-driverkit/ASFWDriver.build
    export TEMP_FILES_DIR\=/Users/mrmidi/Library/Developer/Xcode/DerivedData/ASFW-booajhrsdnjwahepzavjselwomuh/Build/Intermediates.noindex/ASFW.build/Debug-driverkit/ASFWDriver.build
    export TEMP_FILE_DIR\=/Users/mrmidi/Library/Developer/Xcode/DerivedData/ASFW-booajhrsdnjwahepzavjselwomuh/Build/Intermediates.noindex/ASFW.build/Debug-driverkit/ASFWDriver.build
    export TEMP_ROOT\=/Users/mrmidi/Library/Developer/Xcode/DerivedData/ASFW-booajhrsdnjwahepzavjselwomuh/Build/Intermediates.noindex
    export TEMP_SANDBOX_DIR\=/Users/mrmidi/Library/Developer/Xcode/DerivedData/ASFW-booajhrsdnjwahepzavjselwomuh/Build/Intermediates.noindex/TemporaryTaskSandboxes
    export TOOLCHAINS\=com.apple.dt.toolchain.XcodeDefault
    export TOOLCHAIN_DIR\=/Applications/Xcode.app/Contents/Developer/Toolchains/XcodeDefault.xctoolchain
    export TREAT_MISSING_BASELINES_AS_TEST_FAILURES\=NO
    export TREAT_MISSING_SCRIPT_PHASE_OUTPUTS_AS_ERRORS\=NO
    export TeamIdentifierPrefix\=F6YA6B56LR.
    export UID\=501
    export UNINSTALLED_PRODUCTS_DIR\=/Users/mrmidi/Library/Developer/Xcode/DerivedData/ASFW-booajhrsdnjwahepzavjselwomuh/Build/Intermediates.noindex/UninstalledProducts
    export UNLOCALIZED_RESOURCES_FOLDER_PATH\=net.mrmidi.ASFW.ASFWDriver.dext
    export UNLOCALIZED_RESOURCES_FOLDER_PATH_SHALLOW_BUNDLE_NO\=net.mrmidi.ASFW.ASFWDriver.dext/Resources
    export UNLOCALIZED_RESOURCES_FOLDER_PATH_SHALLOW_BUNDLE_YES\=net.mrmidi.ASFW.ASFWDriver.dext
    export UNSTRIPPED_PRODUCT\=NO
    export USER\=mrmidi
    export USER_APPS_DIR\=/Users/mrmidi/Applications
    export USER_LIBRARY_DIR\=/Users/mrmidi/Library
    export USE_DYNAMIC_NO_PIC\=YES
    export USE_HEADERMAP\=YES
    export USE_HEADER_SYMLINKS\=NO
    export VALIDATE_DEVELOPMENT_ASSET_PATHS\=YES_ERROR
    export VALIDATE_PRODUCT\=NO
    export VALID_ARCHS\=x86_64\ x86_64h\ arm64\ arm64e
    export VERBOSE_PBXCP\=NO
    export VERSIONPLIST_PATH\=net.mrmidi.ASFW.ASFWDriver.dext/version.plist
    export VERSION_INFO_BUILDER\=mrmidi
    export VERSION_INFO_FILE\=net.mrmidi.ASFW.ASFWDriver_vers.c
    export VERSION_INFO_STRING\=\"@\(\#\)PROGRAM:net.mrmidi.ASFW.ASFWDriver\ \ PROJECT:ASFW-1\"
    export WORKSPACE_DIR\=/Users/mrmidi/DEV/FirWireDriver/ASFW/ASFW.xcodeproj
    export WRAPPER_EXTENSION\=dext
    export WRAPPER_NAME\=net.mrmidi.ASFW.ASFWDriver.dext
    export WRAPPER_SUFFIX\=.dext
    export WRAP_ASSET_PACKS_IN_SEPARATE_DIRECTORIES\=NO
    export XCODE_APP_SUPPORT_DIR\=/Applications/Xcode.app/Contents/Developer/Library/Xcode
    export XCODE_PRODUCT_BUILD_VERSION\=17B100
    export XCODE_VERSION_ACTUAL\=2611
    export XCODE_VERSION_MAJOR\=2600
    export XCODE_VERSION_MINOR\=2610
    export XPCSERVICES_FOLDER_PATH\=net.mrmidi.ASFW.ASFWDriver.dext/XPCServices
    export YACC\=yacc
    export _DISCOVER_COMMAND_LINE_LINKER_INPUTS\=YES
    export _DISCOVER_COMMAND_LINE_LINKER_INPUTS_INCLUDE_WL\=YES
    export _LD_MULTIARCH\=YES
    export _WRAPPER_CONTENTS_DIR_SHALLOW_BUNDLE_NO\=/Contents
    export _WRAPPER_PARENT_PATH_SHALLOW_BUNDLE_NO\=/..
    export _WRAPPER_RESOURCES_DIR_SHALLOW_BUNDLE_NO\=/Resources
    export __DIAGNOSE_DEPRECATED_ARCHS\=YES
    export arch\=undefined_arch
    export variant\=normal
    /bin/sh -c /Users/mrmidi/Library/Developer/Xcode/DerivedData/ASFW-booajhrsdnjwahepzavjselwomuh/Build/Intermediates.noindex/ASFW.build/Debug-driverkit/ASFWDriver.build/Script-3A27C5392ECDED18009CA664.sh
AGENTS.md
ASFW
ASFW.xcodeproj
ASFWDriver
CMakeLists.txt
README.md
TLABEL.md
VERSION.txt
build
build.log
build.sh
bump.sh
compile_commands.json
docs
documentation
push-to-public.sh
tests
tools
[0;34m[INFO][0m Refreshing version metadata (no bump)...
[0;34m[INFO][0m Generating version metadata...
[0;32m[OK][0m Generated version metadata: /Users/mrmidi/DEV/FirWireDriver/ASFW/ASFWDriver/Version/DriverVersion.hpp
   Version: 0.1.0-alpha
   Commit:  3c24174 (main)
   Dirty:   true
   Time:    2025-11-21T22:52:23Z

Current version: [0;32m0.1.0-alpha[0m

ProcessInfoPlistFile /Users/mrmidi/Library/Developer/Xcode/DerivedData/ASFW-booajhrsdnjwahepzavjselwomuh/Build/Products/Debug-driverkit/net.mrmidi.ASFW.ASFWDriver.dext/Info.plist /Users/mrmidi/DEV/FirWireDriver/ASFW/ASFWDriver/Info.plist (in target 'ASFWDriver' from project 'ASFW')
    cd /Users/mrmidi/DEV/FirWireDriver/ASFW
    builtin-infoPlistUtility /Users/mrmidi/DEV/FirWireDriver/ASFW/ASFWDriver/Info.plist -producttype com.apple.product-type.driver-extension -expandbuildsettings -format binary -platform driverkit -o /Users/mrmidi/Library/Developer/Xcode/DerivedData/ASFW-booajhrsdnjwahepzavjselwomuh/Build/Products/Debug-driverkit/net.mrmidi.ASFW.ASFWDriver.dext/Info.plist

CompileC /Users/mrmidi/Library/Developer/Xcode/DerivedData/ASFW-booajhrsdnjwahepzavjselwomuh/Build/Intermediates.noindex/ASFW.build/Debug-driverkit/ASFWDriver.build/Objects-normal/x86_64/AVCDiscovery.o /Users/mrmidi/DEV/FirWireDriver/ASFW/ASFWDriver/Protocols/AVC/AVCDiscovery.cpp normal x86_64 c++ com.apple.compilers.llvm.clang.1_0.compiler (in target 'ASFWDriver' from project 'ASFW')
    cd /Users/mrmidi/DEV/FirWireDriver/ASFW
    
    Using response file: /Users/mrmidi/Library/Developer/Xcode/DerivedData/ASFW-booajhrsdnjwahepzavjselwomuh/Build/Intermediates.noindex/ASFW.build/Debug-driverkit/ASFWDriver.build/Objects-normal/x86_64/82b82416624d2658e5098eb0a28c15c5-common-args.resp
    
    /Applications/Xcode.app/Contents/Developer/Toolchains/XcodeDefault.xctoolchain/usr/bin/clang -x c++ -ivfsstatcache /Users/mrmidi/Library/Developer/Xcode/DerivedData/SDKStatCaches.noindex/driverkit25.1-none-32725615b93b99fc7e97bd15ca8f07b5.sdkstatcache -fmessage-length\=0 -fdiagnostics-show-note-include-stack -fmacro-backtrace-limit\=0 -fno-color-diagnostics -fmodules-prune-interval\=86400 -fmodules-prune-after\=345600 -fbuild-session-file\=/Users/mrmidi/Library/Developer/Xcode/DerivedData/ModuleCache.noindex/Session.modulevalidation -fmodules-validate-once-per-build-session -Wnon-modular-include-in-framework-module -Werror\=non-modular-include-in-framework-module -Wno-trigraphs -Wno-missing-field-initializers -Wno-missing-prototypes -Werror\=return-type -Wdocumentation -Wunreachable-code -Wquoted-include-in-framework-header -Werror\=deprecated-objc-isa-usage -Werror\=objc-root-class -Wno-non-virtual-dtor -Wno-overloaded-virtual -Wno-exit-time-destructors -Wno-missing-braces -Wparentheses -Wswitch -Wunused-function -Wno-unused-label -Wno-unused-parameter -Wunused-variable -Wunused-value -Wempty-body -Wuninitialized -Wconditional-uninitialized -Wno-unknown-pragmas -Wno-shadow -Wno-four-char-constants -Wno-conversion -Wconstant-conversion -Wint-conversion -Wbool-conversion -Wenum-conversion -Wno-float-conversion -Wnon-literal-null-conversion -Wobjc-literal-conversion -Wshorten-64-to-32 -Wno-newline-eof -Wno-c++11-extensions -Wno-implicit-fallthrough -fstrict-aliasing -Wdeprecated-declarations -Winvalid-offsetof -Wno-sign-conversion -Winfinite-recursion -Wmove -Wcomma -Wblock-capture-autoreleasing -Wstrict-prototypes -Wrange-loop-analysis -Wno-semicolon-before-method-body -Wunguarded-availability -index-store-path /Users/mrmidi/Library/Developer/Xcode/DerivedData/ASFW-booajhrsdnjwahepzavjselwomuh/Index.noindex/DataStore @/Users/mrmidi/Library/Developer/Xcode/DerivedData/ASFW-booajhrsdnjwahepzavjselwomuh/Build/Intermediates.noindex/ASFW.build/Debug-driverkit/ASFWDriver.build/Objects-normal/x86_64/82b82416624d2658e5098eb0a28c15c5-common-args.resp -MMD -MT dependencies -MF /Users/mrmidi/Library/Developer/Xcode/DerivedData/ASFW-booajhrsdnjwahepzavjselwomuh/Build/Intermediates.noindex/ASFW.build/Debug-driverkit/ASFWDriver.build/Objects-normal/x86_64/AVCDiscovery.d --serialize-diagnostics /Users/mrmidi/Library/Developer/Xcode/DerivedData/ASFW-booajhrsdnjwahepzavjselwomuh/Build/Intermediates.noindex/ASFW.build/Debug-driverkit/ASFWDriver.build/Objects-normal/x86_64/AVCDiscovery.dia -c /Users/mrmidi/DEV/FirWireDriver/ASFW/ASFWDriver/Protocols/AVC/AVCDiscovery.cpp -o /Users/mrmidi/Library/Developer/Xcode/DerivedData/ASFW-booajhrsdnjwahepzavjselwomuh/Build/Intermediates.noindex/ASFW.build/Debug-driverkit/ASFWDriver.build/Objects-normal/x86_64/AVCDiscovery.o -index-unit-output-path /ASFW.build/Debug-driverkit/ASFWDriver.build/Objects-normal/x86_64/AVCDiscovery.o

CompileC /Users/mrmidi/Library/Developer/Xcode/DerivedData/ASFW-booajhrsdnjwahepzavjselwomuh/Build/Intermediates.noindex/ASFW.build/Debug-driverkit/ASFWDriver.build/Objects-normal/x86_64/ASFWDriverUserClient-6eb8da7610907f8ebd7c08512d7eb970.o /Users/mrmidi/DEV/FirWireDriver/ASFW/ASFWDriver/UserClient/Core/ASFWDriverUserClient.cpp normal x86_64 c++ com.apple.compilers.llvm.clang.1_0.compiler (in target 'ASFWDriver' from project 'ASFW')
    cd /Users/mrmidi/DEV/FirWireDriver/ASFW
    
    Using response file: /Users/mrmidi/Library/Developer/Xcode/DerivedData/ASFW-booajhrsdnjwahepzavjselwomuh/Build/Intermediates.noindex/ASFW.build/Debug-driverkit/ASFWDriver.build/Objects-normal/x86_64/82b82416624d2658e5098eb0a28c15c5-common-args.resp
    
    /Applications/Xcode.app/Contents/Developer/Toolchains/XcodeDefault.xctoolchain/usr/bin/clang -x c++ -ivfsstatcache /Users/mrmidi/Library/Developer/Xcode/DerivedData/SDKStatCaches.noindex/driverkit25.1-none-32725615b93b99fc7e97bd15ca8f07b5.sdkstatcache -fmessage-length\=0 -fdiagnostics-show-note-include-stack -fmacro-backtrace-limit\=0 -fno-color-diagnostics -fmodules-prune-interval\=86400 -fmodules-prune-after\=345600 -fbuild-session-file\=/Users/mrmidi/Library/Developer/Xcode/DerivedData/ModuleCache.noindex/Session.modulevalidation -fmodules-validate-once-per-build-session -Wnon-modular-include-in-framework-module -Werror\=non-modular-include-in-framework-module -Wno-trigraphs -Wno-missing-field-initializers -Wno-missing-prototypes -Werror\=return-type -Wdocumentation -Wunreachable-code -Wquoted-include-in-framework-header -Werror\=deprecated-objc-isa-usage -Werror\=objc-root-class -Wno-non-virtual-dtor -Wno-overloaded-virtual -Wno-exit-time-destructors -Wno-missing-braces -Wparentheses -Wswitch -Wunused-function -Wno-unused-label -Wno-unused-parameter -Wunused-variable -Wunused-value -Wempty-body -Wuninitialized -Wconditional-uninitialized -Wno-unknown-pragmas -Wno-shadow -Wno-four-char-constants -Wno-conversion -Wconstant-conversion -Wint-conversion -Wbool-conversion -Wenum-conversion -Wno-float-conversion -Wnon-literal-null-conversion -Wobjc-literal-conversion -Wshorten-64-to-32 -Wno-newline-eof -Wno-c++11-extensions -Wno-implicit-fallthrough -fstrict-aliasing -Wdeprecated-declarations -Winvalid-offsetof -Wno-sign-conversion -Winfinite-recursion -Wmove -Wcomma -Wblock-capture-autoreleasing -Wstrict-prototypes -Wrange-loop-analysis -Wno-semicolon-before-method-body -Wunguarded-availability -index-store-path /Users/mrmidi/Library/Developer/Xcode/DerivedData/ASFW-booajhrsdnjwahepzavjselwomuh/Index.noindex/DataStore @/Users/mrmidi/Library/Developer/Xcode/DerivedData/ASFW-booajhrsdnjwahepzavjselwomuh/Build/Intermediates.noindex/ASFW.build/Debug-driverkit/ASFWDriver.build/Objects-normal/x86_64/82b82416624d2658e5098eb0a28c15c5-common-args.resp -MMD -MT dependencies -MF /Users/mrmidi/Library/Developer/Xcode/DerivedData/ASFW-booajhrsdnjwahepzavjselwomuh/Build/Intermediates.noindex/ASFW.build/Debug-driverkit/ASFWDriver.build/Objects-normal/x86_64/ASFWDriverUserClient-6eb8da7610907f8ebd7c08512d7eb970.d --serialize-diagnostics /Users/mrmidi/Library/Developer/Xcode/DerivedData/ASFW-booajhrsdnjwahepzavjselwomuh/Build/Intermediates.noindex/ASFW.build/Debug-driverkit/ASFWDriver.build/Objects-normal/x86_64/ASFWDriverUserClient-6eb8da7610907f8ebd7c08512d7eb970.dia -c /Users/mrmidi/DEV/FirWireDriver/ASFW/ASFWDriver/UserClient/Core/ASFWDriverUserClient.cpp -o /Users/mrmidi/Library/Developer/Xcode/DerivedData/ASFW-booajhrsdnjwahepzavjselwomuh/Build/Intermediates.noindex/ASFW.build/Debug-driverkit/ASFWDriver.build/Objects-normal/x86_64/ASFWDriverUserClient-6eb8da7610907f8ebd7c08512d7eb970.o -index-unit-output-path /ASFW.build/Debug-driverkit/ASFWDriver.build/Objects-normal/x86_64/ASFWDriverUserClient-6eb8da7610907f8ebd7c08512d7eb970.o
/Users/mrmidi/DEV/FirWireDriver/ASFW/ASFWDriver/UserClient/Core/ASFWDriverUserClient.cpp:291:14: error: use of undeclared identifier 'kMethodSetAsyncVerbosity'
  291 |         case kMethodSetAsyncVerbosity: {
      |              ^
/Users/mrmidi/DEV/FirWireDriver/ASFW/ASFWDriver/UserClient/Core/ASFWDriverUserClient.cpp:298:14: error: use of undeclared identifier 'kMethodSetHexDumps'
  298 |         case kMethodSetHexDumps: {
      |              ^
/Users/mrmidi/DEV/FirWireDriver/ASFW/ASFWDriver/UserClient/Core/ASFWDriverUserClient.cpp:305:14: error: use of undeclared identifier 'kMethodGetLogConfig'
  305 |         case kMethodGetLogConfig: {
      |              ^
3 errors generated.

CompileC /Users/mrmidi/Library/Developer/Xcode/DerivedData/ASFW-booajhrsdnjwahepzavjselwomuh/Build/Intermediates.noindex/ASFW.build/Debug-driverkit/ASFWDriver.build/Objects-normal/x86_64/ControllerCore.o /Users/mrmidi/DEV/FirWireDriver/ASFW/ASFWDriver/Controller/ControllerCore.cpp normal x86_64 c++ com.apple.compilers.llvm.clang.1_0.compiler (in target 'ASFWDriver' from project 'ASFW')
    cd /Users/mrmidi/DEV/FirWireDriver/ASFW
    
    Using response file: /Users/mrmidi/Library/Developer/Xcode/DerivedData/ASFW-booajhrsdnjwahepzavjselwomuh/Build/Intermediates.noindex/ASFW.build/Debug-driverkit/ASFWDriver.build/Objects-normal/x86_64/82b82416624d2658e5098eb0a28c15c5-common-args.resp
    
    /Applications/Xcode.app/Contents/Developer/Toolchains/XcodeDefault.xctoolchain/usr/bin/clang -x c++ -ivfsstatcache /Users/mrmidi/Library/Developer/Xcode/DerivedData/SDKStatCaches.noindex/driverkit25.1-none-32725615b93b99fc7e97bd15ca8f07b5.sdkstatcache -fmessage-length\=0 -fdiagnostics-show-note-include-stack -fmacro-backtrace-limit\=0 -fno-color-diagnostics -fmodules-prune-interval\=86400 -fmodules-prune-after\=345600 -fbuild-session-file\=/Users/mrmidi/Library/Developer/Xcode/DerivedData/ModuleCache.noindex/Session.modulevalidation -fmodules-validate-once-per-build-session -Wnon-modular-include-in-framework-module -Werror\=non-modular-include-in-framework-module -Wno-trigraphs -Wno-missing-field-initializers -Wno-missing-prototypes -Werror\=return-type -Wdocumentation -Wunreachable-code -Wquoted-include-in-framework-header -Werror\=deprecated-objc-isa-usage -Werror\=objc-root-class -Wno-non-virtual-dtor -Wno-overloaded-virtual -Wno-exit-time-destructors -Wno-missing-braces -Wparentheses -Wswitch -Wunused-function -Wno-unused-label -Wno-unused-parameter -Wunused-variable -Wunused-value -Wempty-body -Wuninitialized -Wconditional-uninitialized -Wno-unknown-pragmas -Wno-shadow -Wno-four-char-constants -Wno-conversion -Wconstant-conversion -Wint-conversion -Wbool-conversion -Wenum-conversion -Wno-float-conversion -Wnon-literal-null-conversion -Wobjc-literal-conversion -Wshorten-64-to-32 -Wno-newline-eof -Wno-c++11-extensions -Wno-implicit-fallthrough -fstrict-aliasing -Wdeprecated-declarations -Winvalid-offsetof -Wno-sign-conversion -Winfinite-recursion -Wmove -Wcomma -Wblock-capture-autoreleasing -Wstrict-prototypes -Wrange-loop-analysis -Wno-semicolon-before-method-body -Wunguarded-availability -index-store-path /Users/mrmidi/Library/Developer/Xcode/DerivedData/ASFW-booajhrsdnjwahepzavjselwomuh/Index.noindex/DataStore @/Users/mrmidi/Library/Developer/Xcode/DerivedData/ASFW-booajhrsdnjwahepzavjselwomuh/Build/Intermediates.noindex/ASFW.build/Debug-driverkit/ASFWDriver.build/Objects-normal/x86_64/82b82416624d2658e5098eb0a28c15c5-common-args.resp -MMD -MT dependencies -MF /Users/mrmidi/Library/Developer/Xcode/DerivedData/ASFW-booajhrsdnjwahepzavjselwomuh/Build/Intermediates.noindex/ASFW.build/Debug-driverkit/ASFWDriver.build/Objects-normal/x86_64/ControllerCore.d --serialize-diagnostics /Users/mrmidi/Library/Developer/Xcode/DerivedData/ASFW-booajhrsdnjwahepzavjselwomuh/Build/Intermediates.noindex/ASFW.build/Debug-driverkit/ASFWDriver.build/Objects-normal/x86_64/ControllerCore.dia -c /Users/mrmidi/DEV/FirWireDriver/ASFW/ASFWDriver/Controller/ControllerCore.cpp -o /Users/mrmidi/Library/Developer/Xcode/DerivedData/ASFW-booajhrsdnjwahepzavjselwomuh/Build/Intermediates.noindex/ASFW.build/Debug-driverkit/ASFWDriver.build/Objects-normal/x86_64/ControllerCore.o -index-unit-output-path /ASFW.build/Debug-driverkit/ASFWDriver.build/Objects-normal/x86_64/ControllerCore.o

CompileC /Users/mrmidi/Library/Developer/Xcode/DerivedData/ASFW-booajhrsdnjwahepzavjselwomuh/Build/Intermediates.noindex/ASFW.build/Debug-driverkit/ASFWDriver.build/Objects-normal/arm64/WriteCommand.o /Users/mrmidi/DEV/FirWireDriver/ASFW/ASFWDriver/Async/Commands/WriteCommand.cpp normal arm64 c++ com.apple.compilers.llvm.clang.1_0.compiler (in target 'ASFWDriver' from project 'ASFW')
    cd /Users/mrmidi/DEV/FirWireDriver/ASFW
    
    Using response file: /Users/mrmidi/Library/Developer/Xcode/DerivedData/ASFW-booajhrsdnjwahepzavjselwomuh/Build/Intermediates.noindex/ASFW.build/Debug-driverkit/ASFWDriver.build/Objects-normal/arm64/82b82416624d2658e5098eb0a28c15c5-common-args.resp
    
    /Applications/Xcode.app/Contents/Developer/Toolchains/XcodeDefault.xctoolchain/usr/bin/clang -x c++ -ivfsstatcache /Users/mrmidi/Library/Developer/Xcode/DerivedData/SDKStatCaches.noindex/driverkit25.1-none-32725615b93b99fc7e97bd15ca8f07b5.sdkstatcache -fmessage-length\=0 -fdiagnostics-show-note-include-stack -fmacro-backtrace-limit\=0 -fno-color-diagnostics -fmodules-prune-interval\=86400 -fmodules-prune-after\=345600 -fbuild-session-file\=/Users/mrmidi/Library/Developer/Xcode/DerivedData/ModuleCache.noindex/Session.modulevalidation -fmodules-validate-once-per-build-session -Wnon-modular-include-in-framework-module -Werror\=non-modular-include-in-framework-module -Wno-trigraphs -Wno-missing-field-initializers -Wno-missing-prototypes -Werror\=return-type -Wdocumentation -Wunreachable-code -Wquoted-include-in-framework-header -Werror\=deprecated-objc-isa-usage -Werror\=objc-root-class -Wno-non-virtual-dtor -Wno-overloaded-virtual -Wno-exit-time-destructors -Wno-missing-braces -Wparentheses -Wswitch -Wunused-function -Wno-unused-label -Wno-unused-parameter -Wunused-variable -Wunused-value -Wempty-body -Wuninitialized -Wconditional-uninitialized -Wno-unknown-pragmas -Wno-shadow -Wno-four-char-constants -Wno-conversion -Wconstant-conversion -Wint-conversion -Wbool-conversion -Wenum-conversion -Wno-float-conversion -Wnon-literal-null-conversion -Wobjc-literal-conversion -Wshorten-64-to-32 -Wno-newline-eof -Wno-c++11-extensions -Wno-implicit-fallthrough -fstrict-aliasing -Wdeprecated-declarations -Winvalid-offsetof -Wno-sign-conversion -Winfinite-recursion -Wmove -Wcomma -Wblock-capture-autoreleasing -Wstrict-prototypes -Wrange-loop-analysis -Wno-semicolon-before-method-body -Wunguarded-availability -index-store-path /Users/mrmidi/Library/Developer/Xcode/DerivedData/ASFW-booajhrsdnjwahepzavjselwomuh/Index.noindex/DataStore @/Users/mrmidi/Library/Developer/Xcode/DerivedData/ASFW-booajhrsdnjwahepzavjselwomuh/Build/Intermediates.noindex/ASFW.build/Debug-driverkit/ASFWDriver.build/Objects-normal/arm64/82b82416624d2658e5098eb0a28c15c5-common-args.resp -MMD -MT dependencies -MF /Users/mrmidi/Library/Developer/Xcode/DerivedData/ASFW-booajhrsdnjwahepzavjselwomuh/Build/Intermediates.noindex/ASFW.build/Debug-driverkit/ASFWDriver.build/Objects-normal/arm64/WriteCommand.d --serialize-diagnostics /Users/mrmidi/Library/Developer/Xcode/DerivedData/ASFW-booajhrsdnjwahepzavjselwomuh/Build/Intermediates.noindex/ASFW.build/Debug-driverkit/ASFWDriver.build/Objects-normal/arm64/WriteCommand.dia -c /Users/mrmidi/DEV/FirWireDriver/ASFW/ASFWDriver/Async/Commands/WriteCommand.cpp -o /Users/mrmidi/Library/Developer/Xcode/DerivedData/ASFW-booajhrsdnjwahepzavjselwomuh/Build/Intermediates.noindex/ASFW.build/Debug-driverkit/ASFWDriver.build/Objects-normal/arm64/WriteCommand.o -index-unit-output-path /ASFW.build/Debug-driverkit/ASFWDriver.build/Objects-normal/arm64/WriteCommand.o

CompileC /Users/mrmidi/Library/Developer/Xcode/DerivedData/ASFW-booajhrsdnjwahepzavjselwomuh/Build/Intermediates.noindex/ASFW.build/Debug-driverkit/ASFWDriver.build/Objects-normal/arm64/TransactionManager.o /Users/mrmidi/DEV/FirWireDriver/ASFW/ASFWDriver/Async/Core/TransactionManager.cpp normal arm64 c++ com.apple.compilers.llvm.clang.1_0.compiler (in target 'ASFWDriver' from project 'ASFW')
    cd /Users/mrmidi/DEV/FirWireDriver/ASFW
    
    Using response file: /Users/mrmidi/Library/Developer/Xcode/DerivedData/ASFW-booajhrsdnjwahepzavjselwomuh/Build/Intermediates.noindex/ASFW.build/Debug-driverkit/ASFWDriver.build/Objects-normal/arm64/82b82416624d2658e5098eb0a28c15c5-common-args.resp
    
    /Applications/Xcode.app/Contents/Developer/Toolchains/XcodeDefault.xctoolchain/usr/bin/clang -x c++ -ivfsstatcache /Users/mrmidi/Library/Developer/Xcode/DerivedData/SDKStatCaches.noindex/driverkit25.1-none-32725615b93b99fc7e97bd15ca8f07b5.sdkstatcache -fmessage-length\=0 -fdiagnostics-show-note-include-stack -fmacro-backtrace-limit\=0 -fno-color-diagnostics -fmodules-prune-interval\=86400 -fmodules-prune-after\=345600 -fbuild-session-file\=/Users/mrmidi/Library/Developer/Xcode/DerivedData/ModuleCache.noindex/Session.modulevalidation -fmodules-validate-once-per-build-session -Wnon-modular-include-in-framework-module -Werror\=non-modular-include-in-framework-module -Wno-trigraphs -Wno-missing-field-initializers -Wno-missing-prototypes -Werror\=return-type -Wdocumentation -Wunreachable-code -Wquoted-include-in-framework-header -Werror\=deprecated-objc-isa-usage -Werror\=objc-root-class -Wno-non-virtual-dtor -Wno-overloaded-virtual -Wno-exit-time-destructors -Wno-missing-braces -Wparentheses -Wswitch -Wunused-function -Wno-unused-label -Wno-unused-parameter -Wunused-variable -Wunused-value -Wempty-body -Wuninitialized -Wconditional-uninitialized -Wno-unknown-pragmas -Wno-shadow -Wno-four-char-constants -Wno-conversion -Wconstant-conversion -Wint-conversion -Wbool-conversion -Wenum-conversion -Wno-float-conversion -Wnon-literal-null-conversion -Wobjc-literal-conversion -Wshorten-64-to-32 -Wno-newline-eof -Wno-c++11-extensions -Wno-implicit-fallthrough -fstrict-aliasing -Wdeprecated-declarations -Winvalid-offsetof -Wno-sign-conversion -Winfinite-recursion -Wmove -Wcomma -Wblock-capture-autoreleasing -Wstrict-prototypes -Wrange-loop-analysis -Wno-semicolon-before-method-body -Wunguarded-availability -index-store-path /Users/mrmidi/Library/Developer/Xcode/DerivedData/ASFW-booajhrsdnjwahepzavjselwomuh/Index.noindex/DataStore @/Users/mrmidi/Library/Developer/Xcode/DerivedData/ASFW-booajhrsdnjwahepzavjselwomuh/Build/Intermediates.noindex/ASFW.build/Debug-driverkit/ASFWDriver.build/Objects-normal/arm64/82b82416624d2658e5098eb0a28c15c5-common-args.resp -MMD -MT dependencies -MF /Users/mrmidi/Library/Developer/Xcode/DerivedData/ASFW-booajhrsdnjwahepzavjselwomuh/Build/Intermediates.noindex/ASFW.build/Debug-driverkit/ASFWDriver.build/Objects-normal/arm64/TransactionManager.d --serialize-diagnostics /Users/mrmidi/Library/Developer/Xcode/DerivedData/ASFW-booajhrsdnjwahepzavjselwomuh/Build/Intermediates.noindex/ASFW.build/Debug-driverkit/ASFWDriver.build/Objects-normal/arm64/TransactionManager.dia -c /Users/mrmidi/DEV/FirWireDriver/ASFW/ASFWDriver/Async/Core/TransactionManager.cpp -o /Users/mrmidi/Library/Developer/Xcode/DerivedData/ASFW-booajhrsdnjwahepzavjselwomuh/Build/Intermediates.noindex/ASFW.build/Debug-driverkit/ASFWDriver.build/Objects-normal/arm64/TransactionManager.o -index-unit-output-path /ASFW.build/Debug-driverkit/ASFWDriver.build/Objects-normal/arm64/TransactionManager.o

CompileC /Users/mrmidi/Library/Developer/Xcode/DerivedData/ASFW-booajhrsdnjwahepzavjselwomuh/Build/Intermediates.noindex/ASFW.build/Debug-driverkit/ASFWDriver.build/Objects-normal/arm64/TransactionHandler.o /Users/mrmidi/DEV/FirWireDriver/ASFW/ASFWDriver/UserClient/Handlers/TransactionHandler.cpp normal arm64 c++ com.apple.compilers.llvm.clang.1_0.compiler (in target 'ASFWDriver' from project 'ASFW')
    cd /Users/mrmidi/DEV/FirWireDriver/ASFW
    
    Using response file: /Users/mrmidi/Library/Developer/Xcode/DerivedData/ASFW-booajhrsdnjwahepzavjselwomuh/Build/Intermediates.noindex/ASFW.build/Debug-driverkit/ASFWDriver.build/Objects-normal/arm64/82b82416624d2658e5098eb0a28c15c5-common-args.resp
    
    /Applications/Xcode.app/Contents/Developer/Toolchains/XcodeDefault.xctoolchain/usr/bin/clang -x c++ -ivfsstatcache /Users/mrmidi/Library/Developer/Xcode/DerivedData/SDKStatCaches.noindex/driverkit25.1-none-32725615b93b99fc7e97bd15ca8f07b5.sdkstatcache -fmessage-length\=0 -fdiagnostics-show-note-include-stack -fmacro-backtrace-limit\=0 -fno-color-diagnostics -fmodules-prune-interval\=86400 -fmodules-prune-after\=345600 -fbuild-session-file\=/Users/mrmidi/Library/Developer/Xcode/DerivedData/ModuleCache.noindex/Session.modulevalidation -fmodules-validate-once-per-build-session -Wnon-modular-include-in-framework-module -Werror\=non-modular-include-in-framework-module -Wno-trigraphs -Wno-missing-field-initializers -Wno-missing-prototypes -Werror\=return-type -Wdocumentation -Wunreachable-code -Wquoted-include-in-framework-header -Werror\=deprecated-objc-isa-usage -Werror\=objc-root-class -Wno-non-virtual-dtor -Wno-overloaded-virtual -Wno-exit-time-destructors -Wno-missing-braces -Wparentheses -Wswitch -Wunused-function -Wno-unused-label -Wno-unused-parameter -Wunused-variable -Wunused-value -Wempty-body -Wuninitialized -Wconditional-uninitialized -Wno-unknown-pragmas -Wno-shadow -Wno-four-char-constants -Wno-conversion -Wconstant-conversion -Wint-conversion -Wbool-conversion -Wenum-conversion -Wno-float-conversion -Wnon-literal-null-conversion -Wobjc-literal-conversion -Wshorten-64-to-32 -Wno-newline-eof -Wno-c++11-extensions -Wno-implicit-fallthrough -fstrict-aliasing -Wdeprecated-declarations -Winvalid-offsetof -Wno-sign-conversion -Winfinite-recursion -Wmove -Wcomma -Wblock-capture-autoreleasing -Wstrict-prototypes -Wrange-loop-analysis -Wno-semicolon-before-method-body -Wunguarded-availability -index-store-path /Users/mrmidi/Library/Developer/Xcode/DerivedData/ASFW-booajhrsdnjwahepzavjselwomuh/Index.noindex/DataStore @/Users/mrmidi/Library/Developer/Xcode/DerivedData/ASFW-booajhrsdnjwahepzavjselwomuh/Build/Intermediates.noindex/ASFW.build/Debug-driverkit/ASFWDriver.build/Objects-normal/arm64/82b82416624d2658e5098eb0a28c15c5-common-args.resp -MMD -MT dependencies -MF /Users/mrmidi/Library/Developer/Xcode/DerivedData/ASFW-booajhrsdnjwahepzavjselwomuh/Build/Intermediates.noindex/ASFW.build/Debug-driverkit/ASFWDriver.build/Objects-normal/arm64/TransactionHandler.d --serialize-diagnostics /Users/mrmidi/Library/Developer/Xcode/DerivedData/ASFW-booajhrsdnjwahepzavjselwomuh/Build/Intermediates.noindex/ASFW.build/Debug-driverkit/ASFWDriver.build/Objects-normal/arm64/TransactionHandler.dia -c /Users/mrmidi/DEV/FirWireDriver/ASFW/ASFWDriver/UserClient/Handlers/TransactionHandler.cpp -o /Users/mrmidi/Library/Developer/Xcode/DerivedData/ASFW-booajhrsdnjwahepzavjselwomuh/Build/Intermediates.noindex/ASFW.build/Debug-driverkit/ASFWDriver.build/Objects-normal/arm64/TransactionHandler.o -index-unit-output-path /ASFW.build/Debug-driverkit/ASFWDriver.build/Objects-normal/arm64/TransactionHandler.o

CompileC /Users/mrmidi/Library/Developer/Xcode/DerivedData/ASFW-booajhrsdnjwahepzavjselwomuh/Build/Intermediates.noindex/ASFW.build/Debug-driverkit/ASFWDriver.build/Objects-normal/arm64/TransactionStorage.o /Users/mrmidi/DEV/FirWireDriver/ASFW/ASFWDriver/UserClient/Storage/TransactionStorage.cpp normal arm64 c++ com.apple.compilers.llvm.clang.1_0.compiler (in target 'ASFWDriver' from project 'ASFW')
    cd /Users/mrmidi/DEV/FirWireDriver/ASFW
    
    Using response file: /Users/mrmidi/Library/Developer/Xcode/DerivedData/ASFW-booajhrsdnjwahepzavjselwomuh/Build/Intermediates.noindex/ASFW.build/Debug-driverkit/ASFWDriver.build/Objects-normal/arm64/82b82416624d2658e5098eb0a28c15c5-common-args.resp
    
    /Applications/Xcode.app/Contents/Developer/Toolchains/XcodeDefault.xctoolchain/usr/bin/clang -x c++ -ivfsstatcache /Users/mrmidi/Library/Developer/Xcode/DerivedData/SDKStatCaches.noindex/driverkit25.1-none-32725615b93b99fc7e97bd15ca8f07b5.sdkstatcache -fmessage-length\=0 -fdiagnostics-show-note-include-stack -fmacro-backtrace-limit\=0 -fno-color-diagnostics -fmodules-prune-interval\=86400 -fmodules-prune-after\=345600 -fbuild-session-file\=/Users/mrmidi/Library/Developer/Xcode/DerivedData/ModuleCache.noindex/Session.modulevalidation -fmodules-validate-once-per-build-session -Wnon-modular-include-in-framework-module -Werror\=non-modular-include-in-framework-module -Wno-trigraphs -Wno-missing-field-initializers -Wno-missing-prototypes -Werror\=return-type -Wdocumentation -Wunreachable-code -Wquoted-include-in-framework-header -Werror\=deprecated-objc-isa-usage -Werror\=objc-root-class -Wno-non-virtual-dtor -Wno-overloaded-virtual -Wno-exit-time-destructors -Wno-missing-braces -Wparentheses -Wswitch -Wunused-function -Wno-unused-label -Wno-unused-parameter -Wunused-variable -Wunused-value -Wempty-body -Wuninitialized -Wconditional-uninitialized -Wno-unknown-pragmas -Wno-shadow -Wno-four-char-constants -Wno-conversion -Wconstant-conversion -Wint-conversion -Wbool-conversion -Wenum-conversion -Wno-float-conversion -Wnon-literal-null-conversion -Wobjc-literal-conversion -Wshorten-64-to-32 -Wno-newline-eof -Wno-c++11-extensions -Wno-implicit-fallthrough -fstrict-aliasing -Wdeprecated-declarations -Winvalid-offsetof -Wno-sign-conversion -Winfinite-recursion -Wmove -Wcomma -Wblock-capture-autoreleasing -Wstrict-prototypes -Wrange-loop-analysis -Wno-semicolon-before-method-body -Wunguarded-availability -index-store-path /Users/mrmidi/Library/Developer/Xcode/DerivedData/ASFW-booajhrsdnjwahepzavjselwomuh/Index.noindex/DataStore @/Users/mrmidi/Library/Developer/Xcode/DerivedData/ASFW-booajhrsdnjwahepzavjselwomuh/Build/Intermediates.noindex/ASFW.build/Debug-driverkit/ASFWDriver.build/Objects-normal/arm64/82b82416624d2658e5098eb0a28c15c5-common-args.resp -MMD -MT dependencies -MF /Users/mrmidi/Library/Developer/Xcode/DerivedData/ASFW-booajhrsdnjwahepzavjselwomuh/Build/Intermediates.noindex/ASFW.build/Debug-driverkit/ASFWDriver.build/Objects-normal/arm64/TransactionStorage.d --serialize-diagnostics /Users/mrmidi/Library/Developer/Xcode/DerivedData/ASFW-booajhrsdnjwahepzavjselwomuh/Build/Intermediates.noindex/ASFW.build/Debug-driverkit/ASFWDriver.build/Objects-normal/arm64/TransactionStorage.dia -c /Users/mrmidi/DEV/FirWireDriver/ASFW/ASFWDriver/UserClient/Storage/TransactionStorage.cpp -o /Users/mrmidi/Library/Developer/Xcode/DerivedData/ASFW-booajhrsdnjwahepzavjselwomuh/Build/Intermediates.noindex/ASFW.build/Debug-driverkit/ASFWDriver.build/Objects-normal/arm64/TransactionStorage.o -index-unit-output-path /ASFW.build/Debug-driverkit/ASFWDriver.build/Objects-normal/arm64/TransactionStorage.o

CompileC /Users/mrmidi/Library/Developer/Xcode/DerivedData/ASFW-booajhrsdnjwahepzavjselwomuh/Build/Intermediates.noindex/ASFW.build/Debug-driverkit/ASFWDriver.build/Objects-normal/arm64/Transaction.o /Users/mrmidi/DEV/FirWireDriver/ASFW/ASFWDriver/Async/Core/Transaction.cpp normal arm64 c++ com.apple.compilers.llvm.clang.1_0.compiler (in target 'ASFWDriver' from project 'ASFW')
    cd /Users/mrmidi/DEV/FirWireDriver/ASFW
    
    Using response file: /Users/mrmidi/Library/Developer/Xcode/DerivedData/ASFW-booajhrsdnjwahepzavjselwomuh/Build/Intermediates.noindex/ASFW.build/Debug-driverkit/ASFWDriver.build/Objects-normal/arm64/82b82416624d2658e5098eb0a28c15c5-common-args.resp
    
    /Applications/Xcode.app/Contents/Developer/Toolchains/XcodeDefault.xctoolchain/usr/bin/clang -x c++ -ivfsstatcache /Users/mrmidi/Library/Developer/Xcode/DerivedData/SDKStatCaches.noindex/driverkit25.1-none-32725615b93b99fc7e97bd15ca8f07b5.sdkstatcache -fmessage-length\=0 -fdiagnostics-show-note-include-stack -fmacro-backtrace-limit\=0 -fno-color-diagnostics -fmodules-prune-interval\=86400 -fmodules-prune-after\=345600 -fbuild-session-file\=/Users/mrmidi/Library/Developer/Xcode/DerivedData/ModuleCache.noindex/Session.modulevalidation -fmodules-validate-once-per-build-session -Wnon-modular-include-in-framework-module -Werror\=non-modular-include-in-framework-module -Wno-trigraphs -Wno-missing-field-initializers -Wno-missing-prototypes -Werror\=return-type -Wdocumentation -Wunreachable-code -Wquoted-include-in-framework-header -Werror\=deprecated-objc-isa-usage -Werror\=objc-root-class -Wno-non-virtual-dtor -Wno-overloaded-virtual -Wno-exit-time-destructors -Wno-missing-braces -Wparentheses -Wswitch -Wunused-function -Wno-unused-label -Wno-unused-parameter -Wunused-variable -Wunused-value -Wempty-body -Wuninitialized -Wconditional-uninitialized -Wno-unknown-pragmas -Wno-shadow -Wno-four-char-constants -Wno-conversion -Wconstant-conversion -Wint-conversion -Wbool-conversion -Wenum-conversion -Wno-float-conversion -Wnon-literal-null-conversion -Wobjc-literal-conversion -Wshorten-64-to-32 -Wno-newline-eof -Wno-c++11-extensions -Wno-implicit-fallthrough -fstrict-aliasing -Wdeprecated-declarations -Winvalid-offsetof -Wno-sign-conversion -Winfinite-recursion -Wmove -Wcomma -Wblock-capture-autoreleasing -Wstrict-prototypes -Wrange-loop-analysis -Wno-semicolon-before-method-body -Wunguarded-availability -index-store-path /Users/mrmidi/Library/Developer/Xcode/DerivedData/ASFW-booajhrsdnjwahepzavjselwomuh/Index.noindex/DataStore @/Users/mrmidi/Library/Developer/Xcode/DerivedData/ASFW-booajhrsdnjwahepzavjselwomuh/Build/Intermediates.noindex/ASFW.build/Debug-driverkit/ASFWDriver.build/Objects-normal/arm64/82b82416624d2658e5098eb0a28c15c5-common-args.resp -MMD -MT dependencies -MF /Users/mrmidi/Library/Developer/Xcode/DerivedData/ASFW-booajhrsdnjwahepzavjselwomuh/Build/Intermediates.noindex/ASFW.build/Debug-driverkit/ASFWDriver.build/Objects-normal/arm64/Transaction.d --serialize-diagnostics /Users/mrmidi/Library/Developer/Xcode/DerivedData/ASFW-booajhrsdnjwahepzavjselwomuh/Build/Intermediates.noindex/ASFW.build/Debug-driverkit/ASFWDriver.build/Objects-normal/arm64/Transaction.dia -c /Users/mrmidi/DEV/FirWireDriver/ASFW/ASFWDriver/Async/Core/Transaction.cpp -o /Users/mrmidi/Library/Developer/Xcode/DerivedData/ASFW-booajhrsdnjwahepzavjselwomuh/Build/Intermediates.noindex/ASFW.build/Debug-driverkit/ASFWDriver.build/Objects-normal/arm64/Transaction.o -index-unit-output-path /ASFW.build/Debug-driverkit/ASFWDriver.build/Objects-normal/arm64/Transaction.o

CompileC /Users/mrmidi/Library/Developer/Xcode/DerivedData/ASFW-booajhrsdnjwahepzavjselwomuh/Build/Intermediates.noindex/ASFW.build/Debug-driverkit/ASFWDriver.build/Objects-normal/arm64/TopologyManager.o /Users/mrmidi/DEV/FirWireDriver/ASFW/ASFWDriver/Bus/TopologyManager.cpp normal arm64 c++ com.apple.compilers.llvm.clang.1_0.compiler (in target 'ASFWDriver' from project 'ASFW')
    cd /Users/mrmidi/DEV/FirWireDriver/ASFW
    
    Using response file: /Users/mrmidi/Library/Developer/Xcode/DerivedData/ASFW-booajhrsdnjwahepzavjselwomuh/Build/Intermediates.noindex/ASFW.build/Debug-driverkit/ASFWDriver.build/Objects-normal/arm64/82b82416624d2658e5098eb0a28c15c5-common-args.resp
    
    /Applications/Xcode.app/Contents/Developer/Toolchains/XcodeDefault.xctoolchain/usr/bin/clang -x c++ -ivfsstatcache /Users/mrmidi/Library/Developer/Xcode/DerivedData/SDKStatCaches.noindex/driverkit25.1-none-32725615b93b99fc7e97bd15ca8f07b5.sdkstatcache -fmessage-length\=0 -fdiagnostics-show-note-include-stack -fmacro-backtrace-limit\=0 -fno-color-diagnostics -fmodules-prune-interval\=86400 -fmodules-prune-after\=345600 -fbuild-session-file\=/Users/mrmidi/Library/Developer/Xcode/DerivedData/ModuleCache.noindex/Session.modulevalidation -fmodules-validate-once-per-build-session -Wnon-modular-include-in-framework-module -Werror\=non-modular-include-in-framework-module -Wno-trigraphs -Wno-missing-field-initializers -Wno-missing-prototypes -Werror\=return-type -Wdocumentation -Wunreachable-code -Wquoted-include-in-framework-header -Werror\=deprecated-objc-isa-usage -Werror\=objc-root-class -Wno-non-virtual-dtor -Wno-overloaded-virtual -Wno-exit-time-destructors -Wno-missing-braces -Wparentheses -Wswitch -Wunused-function -Wno-unused-label -Wno-unused-parameter -Wunused-variable -Wunused-value -Wempty-body -Wuninitialized -Wconditional-uninitialized -Wno-unknown-pragmas -Wno-shadow -Wno-four-char-constants -Wno-conversion -Wconstant-conversion -Wint-conversion -Wbool-conversion -Wenum-conversion -Wno-float-conversion -Wnon-literal-null-conversion -Wobjc-literal-conversion -Wshorten-64-to-32 -Wno-newline-eof -Wno-c++11-extensions -Wno-implicit-fallthrough -fstrict-aliasing -Wdeprecated-declarations -Winvalid-offsetof -Wno-sign-conversion -Winfinite-recursion -Wmove -Wcomma -Wblock-capture-autoreleasing -Wstrict-prototypes -Wrange-loop-analysis -Wno-semicolon-before-method-body -Wunguarded-availability -index-store-path /Users/mrmidi/Library/Developer/Xcode/DerivedData/ASFW-booajhrsdnjwahepzavjselwomuh/Index.noindex/DataStore @/Users/mrmidi/Library/Developer/Xcode/DerivedData/ASFW-booajhrsdnjwahepzavjselwomuh/Build/Intermediates.noindex/ASFW.build/Debug-driverkit/ASFWDriver.build/Objects-normal/arm64/82b82416624d2658e5098eb0a28c15c5-common-args.resp -MMD -MT dependencies -MF /Users/mrmidi/Library/Developer/Xcode/DerivedData/ASFW-booajhrsdnjwahepzavjselwomuh/Build/Intermediates.noindex/ASFW.build/Debug-driverkit/ASFWDriver.build/Objects-normal/arm64/TopologyManager.d --serialize-diagnostics /Users/mrmidi/Library/Developer/Xcode/DerivedData/ASFW-booajhrsdnjwahepzavjselwomuh/Build/Intermediates.noindex/ASFW.build/Debug-driverkit/ASFWDriver.build/Objects-normal/arm64/TopologyManager.dia -c /Users/mrmidi/DEV/FirWireDriver/ASFW/ASFWDriver/Bus/TopologyManager.cpp -o /Users/mrmidi/Library/Developer/Xcode/DerivedData/ASFW-booajhrsdnjwahepzavjselwomuh/Build/Intermediates.noindex/ASFW.build/Debug-driverkit/ASFWDriver.build/Objects-normal/arm64/TopologyManager.o -index-unit-output-path /ASFW.build/Debug-driverkit/ASFWDriver.build/Objects-normal/arm64/TopologyManager.o

CompileC /Users/mrmidi/Library/Developer/Xcode/DerivedData/ASFW-booajhrsdnjwahepzavjselwomuh/Build/Intermediates.noindex/ASFW.build/Debug-driverkit/ASFWDriver.build/Objects-normal/arm64/TopologyHandler.o /Users/mrmidi/DEV/FirWireDriver/ASFW/ASFWDriver/UserClient/Handlers/TopologyHandler.cpp normal arm64 c++ com.apple.compilers.llvm.clang.1_0.compiler (in target 'ASFWDriver' from project 'ASFW')
    cd /Users/mrmidi/DEV/FirWireDriver/ASFW
    
    Using response file: /Users/mrmidi/Library/Developer/Xcode/DerivedData/ASFW-booajhrsdnjwahepzavjselwomuh/Build/Intermediates.noindex/ASFW.build/Debug-driverkit/ASFWDriver.build/Objects-normal/arm64/82b82416624d2658e5098eb0a28c15c5-common-args.resp
    
    /Applications/Xcode.app/Contents/Developer/Toolchains/XcodeDefault.xctoolchain/usr/bin/clang -x c++ -ivfsstatcache /Users/mrmidi/Library/Developer/Xcode/DerivedData/SDKStatCaches.noindex/driverkit25.1-none-32725615b93b99fc7e97bd15ca8f07b5.sdkstatcache -fmessage-length\=0 -fdiagnostics-show-note-include-stack -fmacro-backtrace-limit\=0 -fno-color-diagnostics -fmodules-prune-interval\=86400 -fmodules-prune-after\=345600 -fbuild-session-file\=/Users/mrmidi/Library/Developer/Xcode/DerivedData/ModuleCache.noindex/Session.modulevalidation -fmodules-validate-once-per-build-session -Wnon-modular-include-in-framework-module -Werror\=non-modular-include-in-framework-module -Wno-trigraphs -Wno-missing-field-initializers -Wno-missing-prototypes -Werror\=return-type -Wdocumentation -Wunreachable-code -Wquoted-include-in-framework-header -Werror\=deprecated-objc-isa-usage -Werror\=objc-root-class -Wno-non-virtual-dtor -Wno-overloaded-virtual -Wno-exit-time-destructors -Wno-missing-braces -Wparentheses -Wswitch -Wunused-function -Wno-unused-label -Wno-unused-parameter -Wunused-variable -Wunused-value -Wempty-body -Wuninitialized -Wconditional-uninitialized -Wno-unknown-pragmas -Wno-shadow -Wno-four-char-constants -Wno-conversion -Wconstant-conversion -Wint-conversion -Wbool-conversion -Wenum-conversion -Wno-float-conversion -Wnon-literal-null-conversion -Wobjc-literal-conversion -Wshorten-64-to-32 -Wno-newline-eof -Wno-c++11-extensions -Wno-implicit-fallthrough -fstrict-aliasing -Wdeprecated-declarations -Winvalid-offsetof -Wno-sign-conversion -Winfinite-recursion -Wmove -Wcomma -Wblock-capture-autoreleasing -Wstrict-prototypes -Wrange-loop-analysis -Wno-semicolon-before-method-body -Wunguarded-availability -index-store-path /Users/mrmidi/Library/Developer/Xcode/DerivedData/ASFW-booajhrsdnjwahepzavjselwomuh/Index.noindex/DataStore @/Users/mrmidi/Library/Developer/Xcode/DerivedData/ASFW-booajhrsdnjwahepzavjselwomuh/Build/Intermediates.noindex/ASFW.build/Debug-driverkit/ASFWDriver.build/Objects-normal/arm64/82b82416624d2658e5098eb0a28c15c5-common-args.resp -MMD -MT dependencies -MF /Users/mrmidi/Library/Developer/Xcode/DerivedData/ASFW-booajhrsdnjwahepzavjselwomuh/Build/Intermediates.noindex/ASFW.build/Debug-driverkit/ASFWDriver.build/Objects-normal/arm64/TopologyHandler.d --serialize-diagnostics /Users/mrmidi/Library/Developer/Xcode/DerivedData/ASFW-booajhrsdnjwahepzavjselwomuh/Build/Intermediates.noindex/ASFW.build/Debug-driverkit/ASFWDriver.build/Objects-normal/arm64/TopologyHandler.dia -c /Users/mrmidi/DEV/FirWireDriver/ASFW/ASFWDriver/UserClient/Handlers/TopologyHandler.cpp -o /Users/mrmidi/Library/Developer/Xcode/DerivedData/ASFW-booajhrsdnjwahepzavjselwomuh/Build/Intermediates.noindex/ASFW.build/Debug-driverkit/ASFWDriver.build/Objects-normal/arm64/TopologyHandler.o -index-unit-output-path /ASFW.build/Debug-driverkit/ASFWDriver.build/Objects-normal/arm64/TopologyHandler.o

CompileC /Users/mrmidi/Library/Developer/Xcode/DerivedData/ASFW-booajhrsdnjwahepzavjselwomuh/Build/Intermediates.noindex/ASFW.build/Debug-driverkit/ASFWDriver.build/Objects-normal/arm64/Submitter.o /Users/mrmidi/DEV/FirWireDriver/ASFW/ASFWDriver/Async/Tx/Submitter.cpp normal arm64 c++ com.apple.compilers.llvm.clang.1_0.compiler (in target 'ASFWDriver' from project 'ASFW')
    cd /Users/mrmidi/DEV/FirWireDriver/ASFW
    
    Using response file: /Users/mrmidi/Library/Developer/Xcode/DerivedData/ASFW-booajhrsdnjwahepzavjselwomuh/Build/Intermediates.noindex/ASFW.build/Debug-driverkit/ASFWDriver.build/Objects-normal/arm64/82b82416624d2658e5098eb0a28c15c5-common-args.resp
    
    /Applications/Xcode.app/Contents/Developer/Toolchains/XcodeDefault.xctoolchain/usr/bin/clang -x c++ -ivfsstatcache /Users/mrmidi/Library/Developer/Xcode/DerivedData/SDKStatCaches.noindex/driverkit25.1-none-32725615b93b99fc7e97bd15ca8f07b5.sdkstatcache -fmessage-length\=0 -fdiagnostics-show-note-include-stack -fmacro-backtrace-limit\=0 -fno-color-diagnostics -fmodules-prune-interval\=86400 -fmodules-prune-after\=345600 -fbuild-session-file\=/Users/mrmidi/Library/Developer/Xcode/DerivedData/ModuleCache.noindex/Session.modulevalidation -fmodules-validate-once-per-build-session -Wnon-modular-include-in-framework-module -Werror\=non-modular-include-in-framework-module -Wno-trigraphs -Wno-missing-field-initializers -Wno-missing-prototypes -Werror\=return-type -Wdocumentation -Wunreachable-code -Wquoted-include-in-framework-header -Werror\=deprecated-objc-isa-usage -Werror\=objc-root-class -Wno-non-virtual-dtor -Wno-overloaded-virtual -Wno-exit-time-destructors -Wno-missing-braces -Wparentheses -Wswitch -Wunused-function -Wno-unused-label -Wno-unused-parameter -Wunused-variable -Wunused-value -Wempty-body -Wuninitialized -Wconditional-uninitialized -Wno-unknown-pragmas -Wno-shadow -Wno-four-char-constants -Wno-conversion -Wconstant-conversion -Wint-conversion -Wbool-conversion -Wenum-conversion -Wno-float-conversion -Wnon-literal-null-conversion -Wobjc-literal-conversion -Wshorten-64-to-32 -Wno-newline-eof -Wno-c++11-extensions -Wno-implicit-fallthrough -fstrict-aliasing -Wdeprecated-declarations -Winvalid-offsetof -Wno-sign-conversion -Winfinite-recursion -Wmove -Wcomma -Wblock-capture-autoreleasing -Wstrict-prototypes -Wrange-loop-analysis -Wno-semicolon-before-method-body -Wunguarded-availability -index-store-path /Users/mrmidi/Library/Developer/Xcode/DerivedData/ASFW-booajhrsdnjwahepzavjselwomuh/Index.noindex/DataStore @/Users/mrmidi/Library/Developer/Xcode/DerivedData/ASFW-booajhrsdnjwahepzavjselwomuh/Build/Intermediates.noindex/ASFW.build/Debug-driverkit/ASFWDriver.build/Objects-normal/arm64/82b82416624d2658e5098eb0a28c15c5-common-args.resp -MMD -MT dependencies -MF /Users/mrmidi/Library/Developer/Xcode/DerivedData/ASFW-booajhrsdnjwahepzavjselwomuh/Build/Intermediates.noindex/ASFW.build/Debug-driverkit/ASFWDriver.build/Objects-normal/arm64/Submitter.d --serialize-diagnostics /Users/mrmidi/Library/Developer/Xcode/DerivedData/ASFW-booajhrsdnjwahepzavjselwomuh/Build/Intermediates.noindex/ASFW.build/Debug-driverkit/ASFWDriver.build/Objects-normal/arm64/Submitter.dia -c /Users/mrmidi/DEV/FirWireDriver/ASFW/ASFWDriver/Async/Tx/Submitter.cpp -o /Users/mrmidi/Library/Developer/Xcode/DerivedData/ASFW-booajhrsdnjwahepzavjselwomuh/Build/Intermediates.noindex/ASFW.build/Debug-driverkit/ASFWDriver.build/Objects-normal/arm64/Submitter.o -index-unit-output-path /ASFW.build/Debug-driverkit/ASFWDriver.build/Objects-normal/arm64/Submitter.o

note: Disabling hardened runtime with ad-hoc codesigning. (in target 'ASFW' from project 'ASFW')
warning: Run script build phase 'Run Script' will be run during every build because it does not specify any outputs. To address this issue, either add output dependencies to the script phase, or configure it to run in every build by unchecking "Based on dependency analysis" in the script phase. (in target 'ASFW' from project 'ASFW')
note: Disabling hardened runtime with ad-hoc codesigning. (in target 'ASFWDriver' from project 'ASFW')
/Users/mrmidi/DEV/FirWireDriver/ASFW/ASFW.xcodeproj: warning: tasks in 'Copy Headers' are delayed by unsandboxed script phases; set ENABLE_USER_SCRIPT_SANDBOXING=YES to enable sandboxing (in target 'ASFWDriver' from project 'ASFW')
note: Run script build phase 'Run Script' will be run during every build because the option to run the script phase "Based on dependency analysis" is unchecked. (in target 'ASFWDriver' from project 'ASFW')
